2017-05-20 13:35:16,603 [INFO] com.logica.pagen.server.Main - Starting SPADE Language Server on port 9542
2017-05-20 13:35:16,747 [INFO] com.logica.pagen.server.Main - Listening to localhost/127.0.0.1:9542
2017-05-20 13:35:17,223 [INFO] com.logica.pagen.server.Main - Connection accepted
2017-05-20 13:35:17,280 [INFO] com.logica.pagen.server.SpadeLanguageServer - initialize: workspaceRoot=c:\Users\edhendriks\Documents\PA\projects\MijnMaximaPlan\backend
2017-05-20 13:35:17,436 [INFO] com.logica.pagen.server.index.SymbolIndex - refreshSpec: uri=file:///c:/Users/edhendriks/Documents/PA/projects/MijnMaximaPlan/backend/src/main/spade/beheer%20staffels.spade, spec=PaSpec[beheer staffels]
2017-05-20 13:35:17,443 [INFO] com.logica.pagen.server.index.SymbolIndex - refreshSpec: uri=file:///c:/Users/edhendriks/Documents/PA/projects/MijnMaximaPlan/backend/src/main/spade/Beleggen.spade, spec=PaSpec[Beleggen]
2017-05-20 13:35:17,467 [INFO] com.logica.pagen.server.index.SymbolIndex - refreshSpec: uri=file:///c:/Users/edhendriks/Documents/PA/projects/MijnMaximaPlan/backend/src/main/spade/documenten%20(R).spade, spec=PaSpec[Reusable definitions]
2017-05-20 13:35:17,476 [INFO] com.logica.pagen.server.index.SymbolIndex - refreshSpec: uri=file:///c:/Users/edhendriks/Documents/PA/projects/MijnMaximaPlan/backend/src/main/spade/foutmeldingen%20(R).spade, spec=PaSpec[Reusable definitions]
2017-05-20 13:35:17,506 [INFO] com.logica.pagen.server.index.SymbolIndex - refreshSpec: uri=file:///c:/Users/edhendriks/Documents/PA/projects/MijnMaximaPlan/backend/src/main/spade/generieke%20requirements%20(R).spade, spec=PaSpec[Reusable definitions]
2017-05-20 13:35:17,550 [INFO] com.logica.pagen.server.index.SymbolIndex - refreshSpec: uri=file:///c:/Users/edhendriks/Documents/PA/projects/MijnMaximaPlan/backend/src/main/spade/Innen.spade, spec=PaSpec[Innen]
2017-05-20 13:35:17,584 [INFO] com.logica.pagen.server.index.SymbolIndex - refreshSpec: uri=file:///c:/Users/edhendriks/Documents/PA/projects/MijnMaximaPlan/backend/src/main/spade/LDM%20(R).spade, spec=PaSpec[Reusable definitions]
2017-05-20 13:35:17,586 [INFO] com.logica.pagen.server.index.SymbolIndex - refreshSpec: uri=file:///c:/Users/edhendriks/Documents/PA/projects/MijnMaximaPlan/backend/src/main/spade/messages%20(R).spade, spec=PaSpec[Reusable definitions]
2017-05-20 13:35:17,593 [INFO] com.logica.pagen.server.index.SymbolIndex - refreshSpec: uri=file:///c:/Users/edhendriks/Documents/PA/projects/MijnMaximaPlan/backend/src/main/spade/niet%20gebruikte%20functionaliteit%20(R).spade, spec=PaSpec[Reusable definitions]
2017-05-20 13:35:17,606 [INFO] com.logica.pagen.server.index.SymbolIndex - refreshSpec: uri=file:///c:/Users/edhendriks/Documents/PA/projects/MijnMaximaPlan/backend/src/main/spade/Nieuwe%20deelnemer.spade, spec=PaSpec[Nieuwe deelnemer]
2017-05-20 13:35:17,613 [INFO] com.logica.pagen.server.index.SymbolIndex - refreshSpec: uri=file:///c:/Users/edhendriks/Documents/PA/projects/MijnMaximaPlan/backend/src/main/spade/premieberekening%20(R).spade, spec=PaSpec[Reusable definitions]
2017-05-20 13:35:17,622 [INFO] com.logica.pagen.server.index.SymbolIndex - refreshSpec: uri=file:///c:/Users/edhendriks/Documents/PA/projects/MijnMaximaPlan/backend/src/main/spade/Uitvoeringsovereenkomst.spade, spec=PaSpec[Nieuwe uitvoeringsovereenkomst]
2017-05-20 13:35:17,635 [INFO] com.logica.pagen.server.index.SymbolIndex - refreshSpec: uri=file:///c:/Users/edhendriks/Documents/PA/projects/MijnMaximaPlan/backend/src/main/spade/Wijzigen%20arbeidsovereenkomst.spade, spec=PaSpec[Wijzigen arbeidsovereenkomst]
2017-05-20 13:35:17,650 [INFO] com.logica.pagen.server.index.SymbolIndex - refreshSpec: uri=file:///c:/Users/edhendriks/Documents/PA/projects/MijnMaximaPlan/backend/src/main/spade/Wijzigen%20werknemer%20door%20BRP.spade, spec=PaSpec[Wijzigen werknemer door BRP]
2017-05-20 13:35:17,730 [INFO] com.logica.pagen.server.SpadeWorkspaceService - didChangeConfiguraton: DidChangeConfigurationParamsImpl [
  settings = {spade={}}
]
2017-05-20 13:35:31,989 [INFO] com.logica.pagen.server.SpadeTextDocumentService - definition: TextDocumentPositionParamsImpl [
  textDocument = TextDocumentIdentifierImpl [
    uri = "file:///c%3A/Users/edhendriks/Documents/PA/projects/MijnMaximaPlan/backend/src/main/spade/LDM%20%28R%29.spade"
  ]
  uri = null
  position = PositionImpl [
    line = 137
    character = 31
  ]
]
2017-05-20 13:35:32,150 [INFO] com.logica.pagen.server.SpadeTextDocumentService - didClose: DidCloseTextDocumentParamsImpl [
  textDocument = TextDocumentIdentifierImpl [
    uri = "file:///c%3A/Users/edhendriks/Documents/PA/projects/MijnMaximaPlan/backend/src/main/spade/LDM%20%28R%29.spade"
  ]
]
2017-05-20 13:38:30,318 [INFO] com.logica.pagen.server.SpadeWorkspaceService - didChangeWatchedFiles: DidChangeWatchedFilesParamsImpl [
  changes = ArrayList (
    FileEventImpl [
      uri = "file:///c%3A/Users/edhendriks/Documents/PA/projects/MijnMaximaPlan/backend/src/main/spade/LDM%20%28R%29.spade"
      type = Changed
    ]
  )
]
2017-05-20 13:38:43,490 [DEBUG] com.logica.pagen.parser.AbstractPaAntlrParser - start [@0,0:6='Process',<83>,1:0]
2017-05-20 13:38:43,491 [DEBUG] com.logica.pagen.server.error.DiagnosticErrorHandler - [1] PARSER: LDM (R).spade:18:4 - Unexpected 'OUDERS_VERZORGERS' (of type ID): expecting EOF
2017-05-20 13:40:00,889 [INFO] com.logica.pagen.server.SpadeWorkspaceService - didChangeWatchedFiles: DidChangeWatchedFilesParamsImpl [
  changes = ArrayList (
    FileEventImpl [
      uri = "file:///c%3A/Users/edhendriks/Documents/PA/projects/MijnMaximaPlan/backend/src/main/spade/Innen.spade"
      type = Deleted
    ],
    FileEventImpl [
      uri = "file:///c%3A/Users/edhendriks/Documents/PA/projects/MijnMaximaPlan/backend/src/main/spade/Beleggen.spade"
      type = Deleted
    ],
    FileEventImpl [
      uri = "file:///c%3A/Users/edhendriks/Documents/PA/projects/MijnMaximaPlan/backend/src/main/spade/messages%20%28R%29.spade"
      type = Deleted
    ],
    FileEventImpl [
      uri = "file:///c%3A/Users/edhendriks/Documents/PA/projects/MijnMaximaPlan/backend/src/main/spade/documenten%20%28R%29.spade"
      type = Deleted
    ],
    FileEventImpl [
      uri = "file:///c%3A/Users/edhendriks/Documents/PA/projects/MijnMaximaPlan/backend/src/main/spade/beheer%20staffels.spade"
      type = Deleted
    ],
    FileEventImpl [
      uri = "file:///c%3A/Users/edhendriks/Documents/PA/projects/MijnMaximaPlan/backend/src/main/spade/Nieuwe%20deelnemer.spade"
      type = Deleted
    ],
    FileEventImpl [
      uri = "file:///c%3A/Users/edhendriks/Documents/PA/projects/MijnMaximaPlan/backend/src/main/spade/foutmeldingen%20%28R%29.spade"
      type = Deleted
    ],
    FileEventImpl [
      uri = "file:///c%3A/Users/edhendriks/Documents/PA/projects/MijnMaximaPlan/backend/src/main/spade/premieberekening%20%28R%29.spade"
      type = Deleted
    ],
    FileEventImpl [
      uri = "file:///c%3A/Users/edhendriks/Documents/PA/projects/MijnMaximaPlan/backend/src/main/spade/Uitvoeringsovereenkomst.spade"
      type = Deleted
    ],
    FileEventImpl [
      uri = "file:///c%3A/Users/edhendriks/Documents/PA/projects/MijnMaximaPlan/backend/src/main/spade/generieke%20requirements%20%28R%29.spade"
      type = Deleted
    ],
    FileEventImpl [
      uri = "file:///c%3A/Users/edhendriks/Documents/PA/projects/MijnMaximaPlan/backend/src/main/spade/Wijzigen%20werknemer%20door%20BRP.spade"
      type = Deleted
    ],
    FileEventImpl [
      uri = "file:///c%3A/Users/edhendriks/Documents/PA/projects/MijnMaximaPlan/backend/src/main/spade/Wijzigen%20arbeidsovereenkomst.spade"
      type = Deleted
    ],
    FileEventImpl [
      uri = "file:///c%3A/Users/edhendriks/Documents/PA/projects/MijnMaximaPlan/backend/src/main/spade/niet%20gebruikte%20functionaliteit%20%28R%29.spade"
      type = Deleted
    ]
  )
]
2017-05-20 13:41:38,587 [INFO] com.logica.pagen.server.SpadeWorkspaceService - didChangeWatchedFiles: DidChangeWatchedFilesParamsImpl [
  changes = ArrayList (
    FileEventImpl [
      uri = "file:///c%3A/Users/edhendriks/Documents/PA/projects/MijnMaximaPlan/backend/src/main/spade/foutmeldingen%20%28R%29.spade"
      type = Created
    ],
    FileEventImpl [
      uri = "file:///c%3A/Users/edhendriks/Documents/PA/projects/MijnMaximaPlan/backend/src/main/spade/generieke%20requirements%20%28R%29.spade"
      type = Created
    ]
  )
]
2017-05-20 13:41:38,608 [INFO] com.logica.pagen.server.index.SymbolIndex - refreshSpec: uri=file:///c%3A/Users/edhendriks/Documents/PA/projects/MijnMaximaPlan/backend/src/main/spade/foutmeldingen%20%28R%29.spade, spec=PaSpec[Reusable definitions]
2017-05-20 13:41:38,631 [INFO] com.logica.pagen.server.index.SymbolIndex - refreshSpec: uri=file:///c%3A/Users/edhendriks/Documents/PA/projects/MijnMaximaPlan/backend/src/main/spade/generieke%20requirements%20%28R%29.spade, spec=PaSpec[Reusable definitions]
2017-05-20 13:42:32,486 [DEBUG] com.logica.pagen.parser.AbstractPaAntlrParser - start [@0,0:6='Process',<83>,1:0]
2017-05-20 13:42:32,487 [DEBUG] com.logica.pagen.server.error.DiagnosticErrorHandler - [1] PARSER: LDM (R).spade:18:4 - Unexpected 'OUDERS_VERZORGERS' (of type ID): expecting EOF
2017-05-20 13:42:34,037 [INFO] com.logica.pagen.server.SpadeTextDocumentService - didSave: DidSaveTextDocumentParamsImpl [
  textDocument = TextDocumentIdentifierImpl [
    uri = "file:///c%3A/Users/edhendriks/Documents/PA/projects/MijnMaximaPlan/backend/src/main/spade/LDM%20%28R%29.spade"
  ]
]
2017-05-20 13:42:34,391 [INFO] com.logica.pagen.server.SpadeWorkspaceService - didChangeWatchedFiles: DidChangeWatchedFilesParamsImpl [
  changes = ArrayList (
    FileEventImpl [
      uri = "file:///c%3A/Users/edhendriks/Documents/PA/projects/MijnMaximaPlan/backend/src/main/spade/LDM%20%28R%29.spade"
      type = Changed
    ]
  )
]
2017-05-20 13:45:10,351 [DEBUG] com.logica.pagen.parser.AbstractPaAntlrParser - start [@0,0:6='Process',<83>,1:0]
2017-05-20 13:45:10,351 [DEBUG] com.logica.pagen.server.error.DiagnosticErrorHandler - [1] PARSER: LDM (R).spade:54:53 - Unexpected 'o' (of type ID): expecting EOF
2017-05-20 13:45:10,538 [DEBUG] com.logica.pagen.parser.AbstractPaAntlrParser - start [@0,0:6='Process',<83>,1:0]
2017-05-20 13:45:10,539 [DEBUG] com.logica.pagen.server.error.DiagnosticErrorHandler - [1] PARSER: LDM (R).spade:54:53 - Unexpected 'op' (of type ID): expecting EOF
2017-05-20 13:45:10,673 [DEBUG] com.logica.pagen.parser.AbstractPaAntlrParser - start [@0,0:6='Process',<83>,1:0]
2017-05-20 13:45:10,674 [DEBUG] com.logica.pagen.server.error.DiagnosticErrorHandler - [1] PARSER: LDM (R).spade:54:53 - Unexpected 'opp' (of type ID): expecting EOF
2017-05-20 13:45:11,534 [DEBUG] com.logica.pagen.parser.AbstractPaAntlrParser - start [@0,0:6='Process',<83>,1:0]
2017-05-20 13:45:11,535 [DEBUG] com.logica.pagen.server.error.DiagnosticErrorHandler - [1] PARSER: LDM (R).spade:54:53 - Unexpected 'oppo' (of type ID): expecting EOF
2017-05-20 13:45:11,653 [DEBUG] com.logica.pagen.parser.AbstractPaAntlrParser - start [@0,0:6='Process',<83>,1:0]
2017-05-20 13:45:11,653 [DEBUG] com.logica.pagen.server.error.DiagnosticErrorHandler - [1] PARSER: LDM (R).spade:54:53 - Unexpected 'oppos' (of type ID): expecting EOF
2017-05-20 13:45:11,823 [DEBUG] com.logica.pagen.parser.AbstractPaAntlrParser - start [@0,0:6='Process',<83>,1:0]
2017-05-20 13:45:11,824 [DEBUG] com.logica.pagen.server.error.DiagnosticErrorHandler - [1] PARSER: LDM (R).spade:54:53 - Unexpected 'opposi' (of type ID): expecting EOF
2017-05-20 13:45:11,987 [DEBUG] com.logica.pagen.parser.AbstractPaAntlrParser - start [@0,0:6='Process',<83>,1:0]
2017-05-20 13:45:11,988 [DEBUG] com.logica.pagen.server.error.DiagnosticErrorHandler - [1] PARSER: LDM (R).spade:54:53 - Unexpected 'opposite' (of type ID): expecting EOF
2017-05-20 13:45:12,126 [DEBUG] com.logica.pagen.server.error.DiagnosticErrorHandler - [1] LEXER: LDM (R).spade:54:62 - mismatched character '\r' expecting 'o'
2017-05-20 13:45:12,314 [DEBUG] com.logica.pagen.server.error.DiagnosticErrorHandler - [1] LEXER: LDM (R).spade:54:63 - mismatched character '\r' expecting 'f'
2017-05-20 13:45:12,519 [DEBUG] com.logica.pagen.parser.AbstractPaAntlrParser - start [@0,0:6='Process',<83>,1:0]
2017-05-20 13:45:12,520 [DEBUG] com.logica.pagen.server.error.DiagnosticErrorHandler - [1] PARSER: LDM (R).spade:55:32 - Unexpected ':' (of type COLON): expecting EOF
2017-05-20 13:45:26,792 [DEBUG] com.logica.pagen.parser.AbstractPaAntlrParser - start [@0,0:6='Process',<83>,1:0]
2017-05-20 13:45:26,793 [DEBUG] com.logica.pagen.server.error.DiagnosticErrorHandler - [1] PARSER: LDM (R).spade:62:4 - Unexpected 'CONTACTGEGEVEN' (of type ID): expecting EOF
2017-05-20 13:45:26,916 [DEBUG] com.logica.pagen.parser.AbstractPaAntlrParser - start [@0,0:6='Process',<83>,1:0]
2017-05-20 13:45:26,917 [DEBUG] com.logica.pagen.server.error.DiagnosticErrorHandler - [1] PARSER: LDM (R).spade:62:4 - Unexpected 'CONTACTGEGEVEN' (of type ID): expecting EOF
2017-05-20 13:45:30,218 [DEBUG] com.logica.pagen.parser.AbstractPaAntlrParser - start [@0,0:6='Process',<83>,1:0]
2017-05-20 13:45:30,219 [DEBUG] com.logica.pagen.server.error.DiagnosticErrorHandler - [1] PARSER: LDM (R).spade:62:4 - Unexpected 'CONTACTGEGEVEN' (of type ID): expecting EOF
2017-05-20 13:45:31,915 [DEBUG] com.logica.pagen.server.error.DiagnosticErrorHandler - [1] LEXER: LDM (R).spade:62:43 - mismatched character '\r' expecting 'o'
2017-05-20 13:45:31,916 [DEBUG] com.logica.pagen.parser.AbstractPaAntlrParser - start [@0,0:6='Process',<83>,1:0]
2017-05-20 13:45:31,917 [DEBUG] com.logica.pagen.server.error.DiagnosticErrorHandler - [2] PARSER: LDM (R).spade:67:32 - Unexpected ':' (of type COLON): expecting EOF
2017-05-20 13:45:32,080 [DEBUG] com.logica.pagen.parser.AbstractPaAntlrParser - start [@0,0:6='Process',<83>,1:0]
2017-05-20 13:45:32,081 [DEBUG] com.logica.pagen.parser.AbstractPaAntlrParser - decl [@371,2433:2447='TELEFOONNUMMERS',<52>,57:0]
2017-05-20 13:45:32,082 [DEBUG] com.logica.pagen.parser.AbstractPaAntlrParser - entityDecl [@371,2433:2447='TELEFOONNUMMERS',<52>,57:0]
2017-05-20 13:45:32,082 [DEBUG] com.logica.pagen.parser.AbstractPaAntlrParser - entityMembers [@380,2506:2519='telefoonnummer',<52>,60:4]
2017-05-20 13:45:32,082 [DEBUG] com.logica.pagen.parser.AbstractPaAntlrParser - entityMember [@413,2696:2709='CONTACTGEGEVEN',<52>,62:4]
2017-05-20 13:45:32,084 [DEBUG] com.logica.pagen.parser.AbstractPaAntlrParser - memberType [@417,2726:2736='opposite of',<80>,62:34]
2017-05-20 13:45:32,084 [DEBUG] com.logica.pagen.server.error.DiagnosticErrorHandler - [1] PARSER: LDM (R).spade:62:34 - no viable alternative at input 'opposite of'
2017-05-20 13:45:32,086 [DEBUG] com.logica.pagen.parser.AbstractPaAntlrParser - start [@0,0:6='Process',<83>,1:0]
2017-05-20 13:45:32,087 [DEBUG] com.logica.pagen.server.error.DiagnosticErrorHandler - [2] PARSER: LDM (R).spade:67:32 - Unexpected ':' (of type COLON): expecting EOF
2017-05-20 13:45:32,223 [DEBUG] com.logica.pagen.parser.AbstractPaAntlrParser - start [@0,0:6='Process',<83>,1:0]
2017-05-20 13:45:32,224 [DEBUG] com.logica.pagen.parser.AbstractPaAntlrParser - decl [@371,2433:2447='TELEFOONNUMMERS',<52>,57:0]
2017-05-20 13:45:32,224 [DEBUG] com.logica.pagen.parser.AbstractPaAntlrParser - entityDecl [@371,2433:2447='TELEFOONNUMMERS',<52>,57:0]
2017-05-20 13:45:32,224 [DEBUG] com.logica.pagen.parser.AbstractPaAntlrParser - entityMembers [@380,2506:2519='telefoonnummer',<52>,60:4]
2017-05-20 13:45:32,225 [DEBUG] com.logica.pagen.parser.AbstractPaAntlrParser - entityMember [@413,2696:2709='CONTACTGEGEVEN',<52>,62:4]
2017-05-20 13:45:32,225 [DEBUG] com.logica.pagen.parser.AbstractPaAntlrParser - memberType [@417,2726:2736='opposite of',<80>,62:34]
2017-05-20 13:45:32,225 [DEBUG] com.logica.pagen.server.error.DiagnosticErrorHandler - [1] PARSER: LDM (R).spade:62:34 - no viable alternative at input 'opposite of'
2017-05-20 13:45:32,226 [DEBUG] com.logica.pagen.parser.AbstractPaAntlrParser - start [@0,0:6='Process',<83>,1:0]
2017-05-20 13:45:32,226 [DEBUG] com.logica.pagen.server.error.DiagnosticErrorHandler - [2] PARSER: LDM (R).spade:67:32 - Unexpected ':' (of type COLON): expecting EOF
2017-05-20 13:45:40,308 [INFO] com.logica.pagen.server.SpadeTextDocumentService - definition: TextDocumentPositionParamsImpl [
  textDocument = TextDocumentIdentifierImpl [
    uri = "file:///c%3A/Users/edhendriks/Documents/PA/projects/MijnMaximaPlan/backend/src/main/spade/LDM%20%28R%29.spade"
  ]
  uri = null
  position = PositionImpl [
    line = 50
    character = 7
  ]
]
2017-05-20 13:45:41,704 [INFO] com.logica.pagen.server.SpadeTextDocumentService - definition: TextDocumentPositionParamsImpl [
  textDocument = TextDocumentIdentifierImpl [
    uri = "file:///c%3A/Users/edhendriks/Documents/PA/projects/MijnMaximaPlan/backend/src/main/spade/LDM%20%28R%29.spade"
  ]
  uri = null
  position = PositionImpl [
    line = 61
    character = 34
  ]
]
2017-05-20 13:45:41,947 [DEBUG] com.logica.pagen.server.error.DiagnosticErrorHandler - [1] LEXER: LDM (R).spade:62:61 - mismatched character '\r' expecting 't'
2017-05-20 13:45:42,466 [DEBUG] com.logica.pagen.parser.AbstractPaAntlrParser - start [@0,0:6='Process',<83>,1:0]
2017-05-20 13:45:42,467 [DEBUG] com.logica.pagen.server.error.DiagnosticErrorHandler - [1] PARSER: LDM (R).spade:67:32 - Unexpected ':' (of type COLON): expecting EOF
2017-05-20 13:45:47,248 [INFO] com.logica.pagen.server.SpadeTextDocumentService - definition: TextDocumentPositionParamsImpl [
  textDocument = TextDocumentIdentifierImpl [
    uri = "file:///c%3A/Users/edhendriks/Documents/PA/projects/MijnMaximaPlan/backend/src/main/spade/LDM%20%28R%29.spade"
  ]
  uri = null
  position = PositionImpl [
    line = 53
    character = 8
  ]
]
2017-05-20 13:45:50,209 [INFO] com.logica.pagen.server.SpadeTextDocumentService - definition: TextDocumentPositionParamsImpl [
  textDocument = TextDocumentIdentifierImpl [
    uri = "file:///c%3A/Users/edhendriks/Documents/PA/projects/MijnMaximaPlan/backend/src/main/spade/LDM%20%28R%29.spade"
  ]
  uri = null
  position = PositionImpl [
    line = 61
    character = 52
  ]
]
2017-05-20 13:45:51,551 [DEBUG] com.logica.pagen.parser.AbstractPaAntlrParser - start [@0,0:6='Process',<83>,1:0]
2017-05-20 13:45:51,552 [DEBUG] com.logica.pagen.parser.AbstractPaAntlrParser - decl [@371,2433:2447='TELEFOONNUMMERS',<52>,57:0]
2017-05-20 13:45:51,552 [DEBUG] com.logica.pagen.parser.AbstractPaAntlrParser - entityDecl [@371,2433:2447='TELEFOONNUMMERS',<52>,57:0]
2017-05-20 13:45:51,552 [DEBUG] com.logica.pagen.parser.AbstractPaAntlrParser - entityMembers [@380,2506:2519='telefoonnummer',<52>,60:4]
2017-05-20 13:45:51,552 [DEBUG] com.logica.pagen.parser.AbstractPaAntlrParser - entityMember [@413,2696:2709='CONTACTGEGEVEN',<52>,62:4]
2017-05-20 13:45:51,552 [DEBUG] com.logica.pagen.parser.AbstractPaAntlrParser - memberType [@417,2726:2740='CONTACTGEGEVENS',<52>,62:34]
2017-05-20 13:45:51,553 [DEBUG] com.logica.pagen.parser.AbstractPaAntlrParser - cardinality [@418,2741:2741='(',<65>,62:49]
2017-05-20 13:45:51,553 [DEBUG] com.logica.pagen.server.error.DiagnosticErrorHandler - [1] PARSER: LDM (R).spade:62:50 - no viable alternative at input ')'
2017-05-20 13:45:52,821 [INFO] com.logica.pagen.server.SpadeTextDocumentService - didSave: DidSaveTextDocumentParamsImpl [
  textDocument = TextDocumentIdentifierImpl [
    uri = "file:///c%3A/Users/edhendriks/Documents/PA/projects/MijnMaximaPlan/backend/src/main/spade/LDM%20%28R%29.spade"
  ]
]
2017-05-20 13:45:53,159 [INFO] com.logica.pagen.server.SpadeWorkspaceService - didChangeWatchedFiles: DidChangeWatchedFilesParamsImpl [
  changes = ArrayList (
    FileEventImpl [
      uri = "file:///c%3A/Users/edhendriks/Documents/PA/projects/MijnMaximaPlan/backend/src/main/spade/LDM%20%28R%29.spade"
      type = Changed
    ]
  )
]
2017-05-20 13:46:29,322 [INFO] com.logica.pagen.server.SpadeWorkspaceService - didChangeWatchedFiles: DidChangeWatchedFilesParamsImpl [
  changes = ArrayList (
    FileEventImpl [
      uri = "file:///c%3A/Users/edhendriks/Documents/PA/projects/MijnMaximaPlan/backend/src/main/spade/LDM%20%28R%29.spade"
      type = Changed
    ]
  )
]
2017-05-20 13:47:18,654 [DEBUG] com.logica.pagen.parser.AbstractPaAntlrParser - start [@0,0:6='Process',<83>,1:0]
2017-05-20 13:47:18,654 [DEBUG] com.logica.pagen.server.error.DiagnosticErrorHandler - [1] PARSER: LDM (R).spade:54:53 - Unexpected '/' (of type DIV): expecting EOF
2017-05-20 13:47:19,021 [DEBUG] com.logica.pagen.server.error.DiagnosticErrorHandler - [1] LEXER: LDM (R).spade:76:0 - mismatched character '<EOF>' expecting '*'
2017-05-20 13:47:19,381 [DEBUG] com.logica.pagen.server.error.DiagnosticErrorHandler - [1] LEXER: LDM (R).spade:76:0 - mismatched character '<EOF>' expecting '*'
2017-05-20 13:47:20,643 [DEBUG] com.logica.pagen.server.error.DiagnosticErrorHandler - [1] LEXER: LDM (R).spade:76:0 - mismatched character '<EOF>' expecting '*'
2017-05-20 13:47:33,822 [DEBUG] com.logica.pagen.parser.AbstractPaAntlrParser - start [@0,0:6='Process',<83>,1:0]
2017-05-20 13:47:33,822 [DEBUG] com.logica.pagen.server.error.DiagnosticErrorHandler - [1] PARSER: LDM (R).spade:55:51 - Unexpected '/' (of type DIV): expecting EOF
2017-05-20 13:47:34,367 [DEBUG] com.logica.pagen.server.error.DiagnosticErrorHandler - [1] LEXER: LDM (R).spade:76:0 - mismatched character '<EOF>' expecting '*'
2017-05-20 13:47:34,496 [DEBUG] com.logica.pagen.server.error.DiagnosticErrorHandler - [1] LEXER: LDM (R).spade:76:0 - mismatched character '<EOF>' expecting '*'
2017-05-20 13:47:35,589 [DEBUG] com.logica.pagen.server.error.DiagnosticErrorHandler - [1] LEXER: LDM (R).spade:76:0 - mismatched character '<EOF>' expecting '*'
2017-05-20 13:47:36,305 [DEBUG] com.logica.pagen.server.error.DiagnosticErrorHandler - [1] LEXER: LDM (R).spade:76:0 - mismatched character '<EOF>' expecting '*'
2017-05-20 13:47:43,267 [INFO] com.logica.pagen.server.SpadeTextDocumentService - definition: TextDocumentPositionParamsImpl [
  textDocument = TextDocumentIdentifierImpl [
    uri = "file:///c%3A/Users/edhendriks/Documents/PA/projects/MijnMaximaPlan/backend/src/main/spade/LDM%20%28R%29.spade"
  ]
  uri = null
  position = PositionImpl [
    line = 53
    character = 68
  ]
]
2017-05-20 13:47:43,920 [INFO] com.logica.pagen.server.SpadeTextDocumentService - definition: TextDocumentPositionParamsImpl [
  textDocument = TextDocumentIdentifierImpl [
    uri = "file:///c%3A/Users/edhendriks/Documents/PA/projects/MijnMaximaPlan/backend/src/main/spade/LDM%20%28R%29.spade"
  ]
  uri = null
  position = PositionImpl [
    line = 53
    character = 68
  ]
]
2017-05-20 13:47:59,339 [INFO] com.logica.pagen.server.SpadeTextDocumentService - definition: TextDocumentPositionParamsImpl [
  textDocument = TextDocumentIdentifierImpl [
    uri = "file:///c%3A/Users/edhendriks/Documents/PA/projects/MijnMaximaPlan/backend/src/main/spade/LDM%20%28R%29.spade"
  ]
  uri = null
  position = PositionImpl [
    line = 61
    character = 5
  ]
]
2017-05-20 13:48:19,600 [INFO] com.logica.pagen.server.SpadeTextDocumentService - definition: TextDocumentPositionParamsImpl [
  textDocument = TextDocumentIdentifierImpl [
    uri = "file:///c%3A/Users/edhendriks/Documents/PA/projects/MijnMaximaPlan/backend/src/main/spade/LDM%20%28R%29.spade"
  ]
  uri = null
  position = PositionImpl [
    line = 54
    character = 9
  ]
]
2017-05-20 13:48:23,904 [INFO] com.logica.pagen.server.SpadeTextDocumentService - definition: TextDocumentPositionParamsImpl [
  textDocument = TextDocumentIdentifierImpl [
    uri = "file:///c%3A/Users/edhendriks/Documents/PA/projects/MijnMaximaPlan/backend/src/main/spade/LDM%20%28R%29.spade"
  ]
  uri = null
  position = PositionImpl [
    line = 68
    character = 68
  ]
]
2017-05-20 13:48:24,118 [INFO] com.logica.pagen.server.SpadeTextDocumentService - definition: TextDocumentPositionParamsImpl [
  textDocument = TextDocumentIdentifierImpl [
    uri = "file:///c%3A/Users/edhendriks/Documents/PA/projects/MijnMaximaPlan/backend/src/main/spade/LDM%20%28R%29.spade"
  ]
  uri = null
  position = PositionImpl [
    line = 68
    character = 68
  ]
]
2017-05-20 13:48:24,823 [INFO] com.logica.pagen.server.SpadeTextDocumentService - definition: TextDocumentPositionParamsImpl [
  textDocument = TextDocumentIdentifierImpl [
    uri = "file:///c%3A/Users/edhendriks/Documents/PA/projects/MijnMaximaPlan/backend/src/main/spade/LDM%20%28R%29.spade"
  ]
  uri = null
  position = PositionImpl [
    line = 68
    character = 68
  ]
]
2017-05-20 13:48:25,014 [INFO] com.logica.pagen.server.SpadeTextDocumentService - didSave: DidSaveTextDocumentParamsImpl [
  textDocument = TextDocumentIdentifierImpl [
    uri = "file:///c%3A/Users/edhendriks/Documents/PA/projects/MijnMaximaPlan/backend/src/main/spade/LDM%20%28R%29.spade"
  ]
]
2017-05-20 13:48:25,250 [INFO] com.logica.pagen.server.SpadeTextDocumentService - definition: TextDocumentPositionParamsImpl [
  textDocument = TextDocumentIdentifierImpl [
    uri = "file:///c%3A/Users/edhendriks/Documents/PA/projects/MijnMaximaPlan/backend/src/main/spade/LDM%20%28R%29.spade"
  ]
  uri = null
  position = PositionImpl [
    line = 68
    character = 68
  ]
]
2017-05-20 13:48:25,390 [INFO] com.logica.pagen.server.SpadeWorkspaceService - didChangeWatchedFiles: DidChangeWatchedFilesParamsImpl [
  changes = ArrayList (
    FileEventImpl [
      uri = "file:///c%3A/Users/edhendriks/Documents/PA/projects/MijnMaximaPlan/backend/src/main/spade/LDM%20%28R%29.spade"
      type = Changed
    ]
  )
]
2017-05-20 13:49:31,421 [DEBUG] com.logica.pagen.parser.AbstractPaAntlrParser - start [@0,0:6='Process',<83>,1:0]
2017-05-20 13:49:31,421 [DEBUG] com.logica.pagen.server.error.DiagnosticErrorHandler - [1] PARSER: LDM (R).spade:15:51 - Unexpected '/' (of type DIV): expecting EOF
2017-05-20 13:49:35,953 [DEBUG] com.logica.pagen.parser.AbstractPaAntlrParser - start [@0,0:6='Process',<83>,1:0]
2017-05-20 13:49:35,953 [DEBUG] com.logica.pagen.server.error.DiagnosticErrorHandler - [1] PARSER: LDM (R).spade:16:32 - Unexpected ':' (of type COLON): expecting EOF
2017-05-20 13:49:36,804 [DEBUG] com.logica.pagen.parser.AbstractPaAntlrParser - start [@0,0:6='Process',<83>,1:0]
2017-05-20 13:49:36,804 [DEBUG] com.logica.pagen.server.error.DiagnosticErrorHandler - [1] PARSER: LDM (R).spade:16:32 - Unexpected ':' (of type COLON): expecting EOF
2017-05-20 13:50:50,104 [DEBUG] com.logica.pagen.parser.AbstractPaAntlrParser - start [@0,0:6='Process',<83>,1:0]
2017-05-20 13:50:50,105 [DEBUG] com.logica.pagen.server.error.DiagnosticErrorHandler - [1] PARSER: LDM (R).spade:50:28 - Unexpected 'Q' (of type ID): expecting EOF
2017-05-20 13:50:51,541 [DEBUG] com.logica.pagen.parser.AbstractPaAntlrParser - start [@0,0:6='Process',<83>,1:0]
2017-05-20 13:50:51,542 [DEBUG] com.logica.pagen.server.error.DiagnosticErrorHandler - [1] PARSER: LDM (R).spade:50:4 - Unexpected 'PATIENT' (of type ID): expecting EOF
2017-05-20 13:50:51,733 [DEBUG] com.logica.pagen.parser.AbstractPaAntlrParser - start [@0,0:6='Process',<83>,1:0]
2017-05-20 13:50:51,733 [DEBUG] com.logica.pagen.server.error.DiagnosticErrorHandler - [1] PARSER: LDM (R).spade:50:4 - Unexpected 'PATIENT' (of type ID): expecting EOF
2017-05-20 13:50:54,942 [DEBUG] com.logica.pagen.parser.AbstractPaAntlrParser - start [@0,0:6='Process',<83>,1:0]
2017-05-20 13:50:54,943 [DEBUG] com.logica.pagen.server.error.DiagnosticErrorHandler - [1] PARSER: LDM (R).spade:50:44 - Unexpected 'O' (of type ID): expecting EOF
2017-05-20 13:50:55,216 [DEBUG] com.logica.pagen.parser.AbstractPaAntlrParser - start [@0,0:6='Process',<83>,1:0]
2017-05-20 13:50:55,217 [DEBUG] com.logica.pagen.server.error.DiagnosticErrorHandler - [1] PARSER: LDM (R).spade:50:44 - Unexpected 'OP' (of type ID): expecting EOF
2017-05-20 13:50:55,342 [DEBUG] com.logica.pagen.parser.AbstractPaAntlrParser - start [@0,0:6='Process',<83>,1:0]
2017-05-20 13:50:55,342 [DEBUG] com.logica.pagen.server.error.DiagnosticErrorHandler - [1] PARSER: LDM (R).spade:50:44 - Unexpected 'OPP' (of type ID): expecting EOF
2017-05-20 13:50:55,657 [DEBUG] com.logica.pagen.parser.AbstractPaAntlrParser - start [@0,0:6='Process',<83>,1:0]
2017-05-20 13:50:55,658 [DEBUG] com.logica.pagen.server.error.DiagnosticErrorHandler - [1] PARSER: LDM (R).spade:50:44 - Unexpected 'OP' (of type ID): expecting EOF
2017-05-20 13:50:55,793 [DEBUG] com.logica.pagen.parser.AbstractPaAntlrParser - start [@0,0:6='Process',<83>,1:0]
2017-05-20 13:50:55,796 [DEBUG] com.logica.pagen.server.error.DiagnosticErrorHandler - [1] PARSER: LDM (R).spade:50:44 - Unexpected 'O' (of type ID): expecting EOF
2017-05-20 13:50:56,280 [DEBUG] com.logica.pagen.parser.AbstractPaAntlrParser - start [@0,0:6='Process',<83>,1:0]
2017-05-20 13:50:56,281 [DEBUG] com.logica.pagen.server.error.DiagnosticErrorHandler - [1] PARSER: LDM (R).spade:50:44 - Unexpected 'o' (of type ID): expecting EOF
2017-05-20 13:50:56,885 [INFO] com.logica.pagen.server.SpadeTextDocumentService - definition: TextDocumentPositionParamsImpl [
  textDocument = TextDocumentIdentifierImpl [
    uri = "file:///c%3A/Users/edhendriks/Documents/PA/projects/MijnMaximaPlan/backend/src/main/spade/LDM%20%28R%29.spade"
  ]
  uri = null
  position = PositionImpl [
    line = 48
    character = 81
  ]
]
2017-05-20 13:50:56,952 [DEBUG] com.logica.pagen.parser.AbstractPaAntlrParser - start [@0,0:6='Process',<83>,1:0]
2017-05-20 13:50:56,953 [DEBUG] com.logica.pagen.server.error.DiagnosticErrorHandler - [1] PARSER: LDM (R).spade:55:32 - Unexpected ':' (of type COLON): expecting EOF
2017-05-20 13:50:57,539 [DEBUG] com.logica.pagen.parser.AbstractPaAntlrParser - start [@0,0:6='Process',<83>,1:0]
2017-05-20 13:50:57,540 [DEBUG] com.logica.pagen.server.error.DiagnosticErrorHandler - [1] PARSER: LDM (R).spade:55:32 - Unexpected ':' (of type COLON): expecting EOF
2017-05-20 13:51:03,334 [INFO] com.logica.pagen.server.SpadeTextDocumentService - definition: TextDocumentPositionParamsImpl [
  textDocument = TextDocumentIdentifierImpl [
    uri = "file:///c%3A/Users/edhendriks/Documents/PA/projects/MijnMaximaPlan/backend/src/main/spade/LDM%20%28R%29.spade"
  ]
  uri = null
  position = PositionImpl [
    line = 48
    character = 81
  ]
]
2017-05-20 13:51:03,444 [INFO] com.logica.pagen.server.SpadeTextDocumentService - didSave: DidSaveTextDocumentParamsImpl [
  textDocument = TextDocumentIdentifierImpl [
    uri = "file:///c%3A/Users/edhendriks/Documents/PA/projects/MijnMaximaPlan/backend/src/main/spade/LDM%20%28R%29.spade"
  ]
]
2017-05-20 13:51:03,802 [INFO] com.logica.pagen.server.SpadeWorkspaceService - didChangeWatchedFiles: DidChangeWatchedFilesParamsImpl [
  changes = ArrayList (
    FileEventImpl [
      uri = "file:///c%3A/Users/edhendriks/Documents/PA/projects/MijnMaximaPlan/backend/src/main/spade/LDM%20%28R%29.spade"
      type = Changed
    ]
  )
]
2017-05-20 13:51:25,262 [DEBUG] com.logica.pagen.parser.AbstractPaAntlrParser - start [@0,0:6='Process',<83>,1:0]
2017-05-20 13:51:25,263 [DEBUG] com.logica.pagen.server.error.DiagnosticErrorHandler - [1] PARSER: LDM (R).spade:16:53 - Unexpected '/' (of type DIV): expecting EOF
2017-05-20 13:51:27,974 [DEBUG] com.logica.pagen.parser.AbstractPaAntlrParser - start [@0,0:6='Process',<83>,1:0]
2017-05-20 13:51:27,974 [DEBUG] com.logica.pagen.server.error.DiagnosticErrorHandler - [1] PARSER: LDM (R).spade:16:68 - Unexpected 'OP' (of type ID): expecting EOF
2017-05-20 13:51:28,243 [DEBUG] com.logica.pagen.parser.AbstractPaAntlrParser - start [@0,0:6='Process',<83>,1:0]
2017-05-20 13:51:28,244 [DEBUG] com.logica.pagen.server.error.DiagnosticErrorHandler - [1] PARSER: LDM (R).spade:16:68 - Unexpected 'OPP' (of type ID): expecting EOF
2017-05-20 13:51:28,558 [DEBUG] com.logica.pagen.parser.AbstractPaAntlrParser - start [@0,0:6='Process',<83>,1:0]
2017-05-20 13:51:28,559 [DEBUG] com.logica.pagen.server.error.DiagnosticErrorHandler - [1] PARSER: LDM (R).spade:16:68 - Unexpected 'OPPO' (of type ID): expecting EOF
2017-05-20 13:51:28,687 [DEBUG] com.logica.pagen.parser.AbstractPaAntlrParser - start [@0,0:6='Process',<83>,1:0]
2017-05-20 13:51:28,687 [DEBUG] com.logica.pagen.server.error.DiagnosticErrorHandler - [1] PARSER: LDM (R).spade:16:68 - Unexpected 'OPPOS' (of type ID): expecting EOF
2017-05-20 13:51:29,026 [DEBUG] com.logica.pagen.parser.AbstractPaAntlrParser - start [@0,0:6='Process',<83>,1:0]
2017-05-20 13:51:29,026 [DEBUG] com.logica.pagen.server.error.DiagnosticErrorHandler - [1] PARSER: LDM (R).spade:16:68 - Unexpected 'OPPO' (of type ID): expecting EOF
2017-05-20 13:51:29,151 [DEBUG] com.logica.pagen.parser.AbstractPaAntlrParser - start [@0,0:6='Process',<83>,1:0]
2017-05-20 13:51:29,151 [DEBUG] com.logica.pagen.server.error.DiagnosticErrorHandler - [1] PARSER: LDM (R).spade:16:68 - Unexpected 'OPP' (of type ID): expecting EOF
2017-05-20 13:51:29,312 [DEBUG] com.logica.pagen.parser.AbstractPaAntlrParser - start [@0,0:6='Process',<83>,1:0]
2017-05-20 13:51:29,312 [DEBUG] com.logica.pagen.server.error.DiagnosticErrorHandler - [1] PARSER: LDM (R).spade:16:68 - Unexpected 'OP' (of type ID): expecting EOF
2017-05-20 13:51:29,482 [DEBUG] com.logica.pagen.parser.AbstractPaAntlrParser - start [@0,0:6='Process',<83>,1:0]
2017-05-20 13:51:29,482 [DEBUG] com.logica.pagen.server.error.DiagnosticErrorHandler - [1] PARSER: LDM (R).spade:16:68 - Unexpected 'O' (of type ID): expecting EOF
2017-05-20 13:51:30,245 [DEBUG] com.logica.pagen.parser.AbstractPaAntlrParser - start [@0,0:6='Process',<83>,1:0]
2017-05-20 13:51:30,245 [DEBUG] com.logica.pagen.server.error.DiagnosticErrorHandler - [1] PARSER: LDM (R).spade:16:68 - Unexpected 'o' (of type ID): expecting EOF
2017-05-20 13:51:30,464 [DEBUG] com.logica.pagen.parser.AbstractPaAntlrParser - start [@0,0:6='Process',<83>,1:0]
2017-05-20 13:51:30,465 [DEBUG] com.logica.pagen.server.error.DiagnosticErrorHandler - [1] PARSER: LDM (R).spade:16:68 - Unexpected 'op' (of type ID): expecting EOF
2017-05-20 13:51:30,609 [DEBUG] com.logica.pagen.parser.AbstractPaAntlrParser - start [@0,0:6='Process',<83>,1:0]
2017-05-20 13:51:30,610 [DEBUG] com.logica.pagen.server.error.DiagnosticErrorHandler - [1] PARSER: LDM (R).spade:16:68 - Unexpected 'opp' (of type ID): expecting EOF
2017-05-20 13:51:30,828 [DEBUG] com.logica.pagen.parser.AbstractPaAntlrParser - start [@0,0:6='Process',<83>,1:0]
2017-05-20 13:51:30,828 [DEBUG] com.logica.pagen.server.error.DiagnosticErrorHandler - [1] PARSER: LDM (R).spade:16:68 - Unexpected 'oppos' (of type ID): expecting EOF
2017-05-20 13:51:30,981 [DEBUG] com.logica.pagen.parser.AbstractPaAntlrParser - start [@0,0:6='Process',<83>,1:0]
2017-05-20 13:51:30,981 [DEBUG] com.logica.pagen.server.error.DiagnosticErrorHandler - [1] PARSER: LDM (R).spade:16:68 - Unexpected 'opposi' (of type ID): expecting EOF
2017-05-20 13:51:31,124 [DEBUG] com.logica.pagen.server.error.DiagnosticErrorHandler - [1] LEXER: LDM (R).spade:16:77 - mismatched character '\r' expecting 'o'
2017-05-20 13:51:31,226 [DEBUG] com.logica.pagen.server.error.DiagnosticErrorHandler - [1] LEXER: LDM (R).spade:16:77 - mismatched character '\r' expecting 'o'
2017-05-20 13:51:31,414 [DEBUG] com.logica.pagen.parser.AbstractPaAntlrParser - start [@0,0:6='Process',<83>,1:0]
2017-05-20 13:51:31,415 [DEBUG] com.logica.pagen.server.error.DiagnosticErrorHandler - [1] PARSER: LDM (R).spade:23:32 - Unexpected ':' (of type COLON): expecting EOF
2017-05-20 13:51:31,733 [DEBUG] com.logica.pagen.parser.AbstractPaAntlrParser - start [@0,0:6='Process',<83>,1:0]
2017-05-20 13:51:31,733 [DEBUG] com.logica.pagen.server.error.DiagnosticErrorHandler - [1] PARSER: LDM (R).spade:23:32 - Unexpected ':' (of type COLON): expecting EOF
2017-05-20 13:51:36,953 [DEBUG] com.logica.pagen.parser.AbstractPaAntlrParser - start [@0,0:6='Process',<83>,1:0]
2017-05-20 13:51:36,953 [DEBUG] com.logica.pagen.server.error.DiagnosticErrorHandler - [1] PARSER: LDM (R).spade:23:32 - Unexpected ':' (of type COLON): expecting EOF
2017-05-20 13:51:40,280 [INFO] com.logica.pagen.server.SpadeTextDocumentService - didSave: DidSaveTextDocumentParamsImpl [
  textDocument = TextDocumentIdentifierImpl [
    uri = "file:///c%3A/Users/edhendriks/Documents/PA/projects/MijnMaximaPlan/backend/src/main/spade/LDM%20%28R%29.spade"
  ]
]
2017-05-20 13:51:40,633 [INFO] com.logica.pagen.server.SpadeWorkspaceService - didChangeWatchedFiles: DidChangeWatchedFilesParamsImpl [
  changes = ArrayList (
    FileEventImpl [
      uri = "file:///c%3A/Users/edhendriks/Documents/PA/projects/MijnMaximaPlan/backend/src/main/spade/LDM%20%28R%29.spade"
      type = Changed
    ]
  )
]
2017-05-20 13:51:57,586 [DEBUG] com.logica.pagen.parser.AbstractPaAntlrParser - start [@0,0:6='Process',<83>,1:0]
2017-05-20 13:51:57,586 [DEBUG] com.logica.pagen.server.error.DiagnosticErrorHandler - [1] PARSER: LDM (R).spade:57:4 - Unexpected 'PATIENT' (of type ID): expecting EOF
2017-05-20 13:51:57,749 [DEBUG] com.logica.pagen.parser.AbstractPaAntlrParser - start [@0,0:6='Process',<83>,1:0]
2017-05-20 13:51:57,749 [DEBUG] com.logica.pagen.server.error.DiagnosticErrorHandler - [1] PARSER: LDM (R).spade:57:4 - Unexpected 'PATIENT' (of type ID): expecting EOF
2017-05-20 13:51:59,883 [DEBUG] com.logica.pagen.parser.AbstractPaAntlrParser - start [@0,0:6='Process',<83>,1:0]
2017-05-20 13:51:59,883 [DEBUG] com.logica.pagen.parser.AbstractPaAntlrParser - decl [@357,2337:2351='CONTACTGEGEVENS',<52>,52:0]
2017-05-20 13:51:59,883 [DEBUG] com.logica.pagen.parser.AbstractPaAntlrParser - entityDecl [@357,2337:2351='CONTACTGEGEVENS',<52>,52:0]
2017-05-20 13:51:59,884 [DEBUG] com.logica.pagen.parser.AbstractPaAntlrParser - entityMembers [@366,2410:2424='TELEFOONNUMMERS',<52>,55:4]
2017-05-20 13:51:59,884 [DEBUG] com.logica.pagen.parser.AbstractPaAntlrParser - entityMember [@398,2600:2606='PATIENT',<52>,57:4]
2017-05-20 13:51:59,884 [DEBUG] com.logica.pagen.parser.AbstractPaAntlrParser - memberType [@402,2630:2638='PATIENTEN',<52>,57:34]
2017-05-20 13:51:59,884 [DEBUG] com.logica.pagen.parser.AbstractPaAntlrParser - cardinality [@403,2639:2639='(',<65>,57:43]
2017-05-20 13:51:59,885 [DEBUG] com.logica.pagen.server.error.DiagnosticErrorHandler - [1] PARSER: LDM (R).spade:57:44 - no viable alternative at input ')'
2017-05-20 13:52:01,022 [DEBUG] com.logica.pagen.parser.AbstractPaAntlrParser - start [@0,0:6='Process',<83>,1:0]
2017-05-20 13:52:01,022 [DEBUG] com.logica.pagen.parser.AbstractPaAntlrParser - decl [@357,2337:2351='CONTACTGEGEVENS',<52>,52:0]
2017-05-20 13:52:01,022 [DEBUG] com.logica.pagen.parser.AbstractPaAntlrParser - entityDecl [@357,2337:2351='CONTACTGEGEVENS',<52>,52:0]
2017-05-20 13:52:01,022 [DEBUG] com.logica.pagen.parser.AbstractPaAntlrParser - entityMembers [@366,2410:2424='TELEFOONNUMMERS',<52>,55:4]
2017-05-20 13:52:01,023 [DEBUG] com.logica.pagen.parser.AbstractPaAntlrParser - entityMember [@398,2600:2606='PATIENT',<52>,57:4]
2017-05-20 13:52:01,023 [DEBUG] com.logica.pagen.parser.AbstractPaAntlrParser - memberType [@402,2630:2638='PATIENTEN',<52>,57:34]
2017-05-20 13:52:01,023 [DEBUG] com.logica.pagen.parser.AbstractPaAntlrParser - cardinality [@403,2639:2639='(',<65>,57:43]
2017-05-20 13:52:01,023 [DEBUG] com.logica.pagen.server.error.DiagnosticErrorHandler - [1] PARSER: LDM (R).spade:59:0 - no viable alternative at input 'TELEFOONNUMMERS'
2017-05-20 13:52:01,159 [DEBUG] com.logica.pagen.parser.AbstractPaAntlrParser - start [@0,0:6='Process',<83>,1:0]
2017-05-20 13:52:01,160 [DEBUG] com.logica.pagen.parser.AbstractPaAntlrParser - decl [@357,2337:2351='CONTACTGEGEVENS',<52>,52:0]
2017-05-20 13:52:01,160 [DEBUG] com.logica.pagen.parser.AbstractPaAntlrParser - entityDecl [@357,2337:2351='CONTACTGEGEVENS',<52>,52:0]
2017-05-20 13:52:01,160 [DEBUG] com.logica.pagen.parser.AbstractPaAntlrParser - entityMembers [@366,2410:2424='TELEFOONNUMMERS',<52>,55:4]
2017-05-20 13:52:01,160 [DEBUG] com.logica.pagen.parser.AbstractPaAntlrParser - entityMember [@398,2600:2606='PATIENT',<52>,57:4]
2017-05-20 13:52:01,160 [DEBUG] com.logica.pagen.parser.AbstractPaAntlrParser - memberType [@402,2630:2638='PATIENTEN',<52>,57:34]
2017-05-20 13:52:01,160 [DEBUG] com.logica.pagen.parser.AbstractPaAntlrParser - cardinality [@403,2639:2639='(',<65>,57:43]
2017-05-20 13:52:01,160 [DEBUG] com.logica.pagen.parser.AbstractPaAntlrParser - cardinalityParams [@404,2640:2640='1',<57>,57:44]
2017-05-20 13:52:01,161 [DEBUG] com.logica.pagen.server.error.DiagnosticErrorHandler - [1] PARSER: LDM (R).spade:59:0 - no viable alternative at input 'TELEFOONNUMMERS'
2017-05-20 13:52:03,136 [DEBUG] com.logica.pagen.parser.AbstractPaAntlrParser - start [@0,0:6='Process',<83>,1:0]
2017-05-20 13:52:03,137 [DEBUG] com.logica.pagen.server.error.DiagnosticErrorHandler - [1] PARSER: LDM (R).spade:57:47 - Unexpected 'OP' (of type ID): expecting EOF
2017-05-20 13:52:03,296 [DEBUG] com.logica.pagen.parser.AbstractPaAntlrParser - start [@0,0:6='Process',<83>,1:0]
2017-05-20 13:52:03,297 [DEBUG] com.logica.pagen.server.error.DiagnosticErrorHandler - [1] PARSER: LDM (R).spade:57:47 - Unexpected 'OPP' (of type ID): expecting EOF
2017-05-20 13:52:03,690 [DEBUG] com.logica.pagen.parser.AbstractPaAntlrParser - start [@0,0:6='Process',<83>,1:0]
2017-05-20 13:52:03,691 [DEBUG] com.logica.pagen.server.error.DiagnosticErrorHandler - [1] PARSER: LDM (R).spade:57:47 - Unexpected 'OP' (of type ID): expecting EOF
2017-05-20 13:52:03,828 [DEBUG] com.logica.pagen.parser.AbstractPaAntlrParser - start [@0,0:6='Process',<83>,1:0]
2017-05-20 13:52:03,828 [DEBUG] com.logica.pagen.server.error.DiagnosticErrorHandler - [1] PARSER: LDM (R).spade:57:47 - Unexpected 'O' (of type ID): expecting EOF
2017-05-20 13:52:04,660 [DEBUG] com.logica.pagen.parser.AbstractPaAntlrParser - start [@0,0:6='Process',<83>,1:0]
2017-05-20 13:52:04,660 [DEBUG] com.logica.pagen.server.error.DiagnosticErrorHandler - [1] PARSER: LDM (R).spade:57:47 - Unexpected 'o' (of type ID): expecting EOF
2017-05-20 13:52:04,907 [DEBUG] com.logica.pagen.parser.AbstractPaAntlrParser - start [@0,0:6='Process',<83>,1:0]
2017-05-20 13:52:04,907 [DEBUG] com.logica.pagen.server.error.DiagnosticErrorHandler - [1] PARSER: LDM (R).spade:57:47 - Unexpected 'op' (of type ID): expecting EOF
2017-05-20 13:52:05,035 [DEBUG] com.logica.pagen.parser.AbstractPaAntlrParser - start [@0,0:6='Process',<83>,1:0]
2017-05-20 13:52:05,035 [DEBUG] com.logica.pagen.server.error.DiagnosticErrorHandler - [1] PARSER: LDM (R).spade:57:47 - Unexpected 'opp' (of type ID): expecting EOF
2017-05-20 13:52:05,302 [DEBUG] com.logica.pagen.parser.AbstractPaAntlrParser - start [@0,0:6='Process',<83>,1:0]
2017-05-20 13:52:05,302 [DEBUG] com.logica.pagen.server.error.DiagnosticErrorHandler - [1] PARSER: LDM (R).spade:57:47 - Unexpected 'oppi' (of type ID): expecting EOF
2017-05-20 13:52:05,766 [DEBUG] com.logica.pagen.parser.AbstractPaAntlrParser - start [@0,0:6='Process',<83>,1:0]
2017-05-20 13:52:05,767 [DEBUG] com.logica.pagen.server.error.DiagnosticErrorHandler - [1] PARSER: LDM (R).spade:57:47 - Unexpected 'opp' (of type ID): expecting EOF
2017-05-20 13:52:06,072 [DEBUG] com.logica.pagen.parser.AbstractPaAntlrParser - start [@0,0:6='Process',<83>,1:0]
2017-05-20 13:52:06,073 [DEBUG] com.logica.pagen.server.error.DiagnosticErrorHandler - [1] PARSER: LDM (R).spade:57:47 - Unexpected 'oppo' (of type ID): expecting EOF
2017-05-20 13:52:06,253 [DEBUG] com.logica.pagen.parser.AbstractPaAntlrParser - start [@0,0:6='Process',<83>,1:0]
2017-05-20 13:52:06,253 [DEBUG] com.logica.pagen.server.error.DiagnosticErrorHandler - [1] PARSER: LDM (R).spade:57:47 - Unexpected 'oppos' (of type ID): expecting EOF
2017-05-20 13:52:06,429 [DEBUG] com.logica.pagen.parser.AbstractPaAntlrParser - start [@0,0:6='Process',<83>,1:0]
2017-05-20 13:52:06,430 [DEBUG] com.logica.pagen.server.error.DiagnosticErrorHandler - [1] PARSER: LDM (R).spade:57:47 - Unexpected 'opposit' (of type ID): expecting EOF
2017-05-20 13:52:06,582 [DEBUG] com.logica.pagen.server.error.DiagnosticErrorHandler - [1] LEXER: LDM (R).spade:57:56 - mismatched character '\r' expecting 'o'
2017-05-20 13:52:06,755 [DEBUG] com.logica.pagen.server.error.DiagnosticErrorHandler - [1] LEXER: LDM (R).spade:57:57 - mismatched character '\r' expecting 'f'
2017-05-20 13:52:06,923 [DEBUG] com.logica.pagen.parser.AbstractPaAntlrParser - start [@0,0:6='Process',<83>,1:0]
2017-05-20 13:52:06,923 [DEBUG] com.logica.pagen.server.error.DiagnosticErrorHandler - [1] PARSER: LDM (R).spade:62:32 - Unexpected ':' (of type COLON): expecting EOF
2017-05-20 13:52:11,990 [INFO] com.logica.pagen.server.SpadeTextDocumentService - didSave: DidSaveTextDocumentParamsImpl [
  textDocument = TextDocumentIdentifierImpl [
    uri = "file:///c%3A/Users/edhendriks/Documents/PA/projects/MijnMaximaPlan/backend/src/main/spade/LDM%20%28R%29.spade"
  ]
]
2017-05-20 13:52:12,352 [INFO] com.logica.pagen.server.SpadeWorkspaceService - didChangeWatchedFiles: DidChangeWatchedFilesParamsImpl [
  changes = ArrayList (
    FileEventImpl [
      uri = "file:///c%3A/Users/edhendriks/Documents/PA/projects/MijnMaximaPlan/backend/src/main/spade/LDM%20%28R%29.spade"
      type = Changed
    ]
  )
]
2017-05-20 13:52:18,367 [INFO] com.logica.pagen.server.SpadeWorkspaceService - didChangeConfiguraton: DidChangeConfigurationParamsImpl [
  settings = {spade={}}
]
2017-05-20 13:52:23,431 [INFO] com.logica.pagen.server.SpadeWorkspaceService - didChangeWatchedFiles: DidChangeWatchedFilesParamsImpl [
  changes = ArrayList (
    FileEventImpl [
      uri = "file:///c%3A/Users/edhendriks/Documents/PA/projects/MijnMaximaPlan/backend/src/main/spade/LDM%20%28R%29.spade"
      type = Changed
    ]
  )
]
2017-05-20 13:52:57,645 [INFO] com.logica.pagen.server.SpadeTextDocumentService - didSave: DidSaveTextDocumentParamsImpl [
  textDocument = TextDocumentIdentifierImpl [
    uri = "file:///c%3A/Users/edhendriks/Documents/PA/projects/MijnMaximaPlan/backend/src/main/spade/LDM%20%28R%29.spade"
  ]
]
2017-05-20 13:52:58,000 [INFO] com.logica.pagen.server.SpadeWorkspaceService - didChangeWatchedFiles: DidChangeWatchedFilesParamsImpl [
  changes = ArrayList (
    FileEventImpl [
      uri = "file:///c%3A/Users/edhendriks/Documents/PA/projects/MijnMaximaPlan/backend/src/main/spade/LDM%20%28R%29.spade"
      type = Changed
    ]
  )
]
2017-05-20 14:30:54,295 [INFO] com.logica.pagen.server.SpadeWorkspaceService - didChangeWatchedFiles: DidChangeWatchedFilesParamsImpl [
  changes = ArrayList (
    FileEventImpl [
      uri = "file:///c%3A/Users/edhendriks/Documents/PA/projects/MijnMaximaPlan/backend/src/main/spade/LDM%20%28R%29.spade"
      type = Changed
    ]
  )
]
2017-05-20 14:41:11,094 [INFO] com.logica.pagen.server.SpadeTextDocumentService - definition: TextDocumentPositionParamsImpl [
  textDocument = TextDocumentIdentifierImpl [
    uri = "file:///c%3A/Users/edhendriks/Documents/PA/projects/MijnMaximaPlan/backend/src/main/spade/LDM%20%28R%29.spade"
  ]
  uri = null
  position = PositionImpl [
    line = 7
    character = 6
  ]
]
2017-05-20 14:41:15,513 [INFO] com.logica.pagen.server.SpadeTextDocumentService - definition: TextDocumentPositionParamsImpl [
  textDocument = TextDocumentIdentifierImpl [
    uri = "file:///c%3A/Users/edhendriks/Documents/PA/projects/MijnMaximaPlan/backend/src/main/spade/LDM%20%28R%29.spade"
  ]
  uri = null
  position = PositionImpl [
    line = 7
    character = 6
  ]
]
2017-05-20 14:51:21,018 [DEBUG] com.logica.pagen.parser.AbstractPaAntlrParser - start [@0,0:6='Process',<83>,1:0]
2017-05-20 14:51:21,018 [DEBUG] com.logica.pagen.server.error.DiagnosticErrorHandler - [1] PARSER: LDM (R).spade:19:4 - Unexpected 'AFSPRAKEN' (of type ID): expecting EOF
2017-05-20 14:51:21,144 [DEBUG] com.logica.pagen.parser.AbstractPaAntlrParser - start [@0,0:6='Process',<83>,1:0]
2017-05-20 14:51:21,145 [DEBUG] com.logica.pagen.server.error.DiagnosticErrorHandler - [1] PARSER: LDM (R).spade:19:4 - Unexpected 'AFSPRAKEN' (of type ID): expecting EOF
2017-05-20 14:51:23,571 [DEBUG] com.logica.pagen.parser.AbstractPaAntlrParser - start [@0,0:6='Process',<83>,1:0]
2017-05-20 14:51:23,572 [DEBUG] com.logica.pagen.parser.AbstractPaAntlrParser - decl [@8,108:116='PATIENTEN',<52>,5:0]
2017-05-20 14:51:23,572 [DEBUG] com.logica.pagen.parser.AbstractPaAntlrParser - entityDecl [@8,108:116='PATIENTEN',<52>,5:0]
2017-05-20 14:51:23,572 [DEBUG] com.logica.pagen.parser.AbstractPaAntlrParser - entityMembers [@17,167:192='patientidentificatienummer',<52>,8:4]
2017-05-20 14:51:23,572 [DEBUG] com.logica.pagen.parser.AbstractPaAntlrParser - entityMember [@140,884:892='AFSPRAKEN',<52>,19:4]
2017-05-20 14:51:23,572 [DEBUG] com.logica.pagen.parser.AbstractPaAntlrParser - memberType [@144,914:922='AFSPRAKEN',<52>,19:34]
2017-05-20 14:51:23,572 [DEBUG] com.logica.pagen.parser.AbstractPaAntlrParser - cardinality [@145,923:923='(',<65>,19:43]
2017-05-20 14:51:23,573 [DEBUG] com.logica.pagen.server.error.DiagnosticErrorHandler - [1] PARSER: LDM (R).spade:19:44 - no viable alternative at input ')'
2017-05-20 14:51:31,847 [DEBUG] com.logica.pagen.parser.AbstractPaAntlrParser - start [@0,0:6='Process',<83>,1:0]
2017-05-20 14:51:31,847 [DEBUG] com.logica.pagen.server.error.DiagnosticErrorHandler - [1] PARSER: LDM (R).spade:20:4 - Unexpected 'EERSTE_VOLGENDE_AFSPRAAK' (of type ID): expecting EOF
2017-05-20 14:51:31,970 [DEBUG] com.logica.pagen.parser.AbstractPaAntlrParser - start [@0,0:6='Process',<83>,1:0]
2017-05-20 14:51:31,970 [DEBUG] com.logica.pagen.server.error.DiagnosticErrorHandler - [1] PARSER: LDM (R).spade:20:4 - Unexpected 'EERSTE_VOLGENDE_AFSPRAAK' (of type ID): expecting EOF
2017-05-20 14:51:38,817 [DEBUG] com.logica.pagen.parser.AbstractPaAntlrParser - start [@0,0:6='Process',<83>,1:0]
2017-05-20 14:51:38,817 [DEBUG] com.logica.pagen.parser.AbstractPaAntlrParser - decl [@8,108:116='PATIENTEN',<52>,5:0]
2017-05-20 14:51:38,817 [DEBUG] com.logica.pagen.parser.AbstractPaAntlrParser - entityDecl [@8,108:116='PATIENTEN',<52>,5:0]
2017-05-20 14:51:38,817 [DEBUG] com.logica.pagen.parser.AbstractPaAntlrParser - entityMembers [@17,167:192='patientidentificatienummer',<52>,8:4]
2017-05-20 14:51:38,817 [DEBUG] com.logica.pagen.parser.AbstractPaAntlrParser - entityMember [@150,932:955='EERSTE_VOLGENDE_AFSPRAAK',<52>,20:4]
2017-05-20 14:51:38,817 [DEBUG] com.logica.pagen.parser.AbstractPaAntlrParser - memberType [@154,962:970='AFSPRAKEN',<52>,20:34]
2017-05-20 14:51:38,818 [DEBUG] com.logica.pagen.parser.AbstractPaAntlrParser - cardinality [@155,971:971='(',<65>,20:43]
2017-05-20 14:51:38,818 [DEBUG] com.logica.pagen.server.error.DiagnosticErrorHandler - [1] PARSER: LDM (R).spade:20:44 - no viable alternative at input ')'
2017-05-20 14:52:38,895 [INFO] com.logica.pagen.server.SpadeTextDocumentService - didSave: DidSaveTextDocumentParamsImpl [
  textDocument = TextDocumentIdentifierImpl [
    uri = "file:///c%3A/Users/edhendriks/Documents/PA/projects/MijnMaximaPlan/backend/src/main/spade/LDM%20%28R%29.spade"
  ]
]
2017-05-20 14:52:39,258 [INFO] com.logica.pagen.server.SpadeWorkspaceService - didChangeWatchedFiles: DidChangeWatchedFilesParamsImpl [
  changes = ArrayList (
    FileEventImpl [
      uri = "file:///c%3A/Users/edhendriks/Documents/PA/projects/MijnMaximaPlan/backend/src/main/spade/LDM%20%28R%29.spade"
      type = Changed
    ]
  )
]
2017-05-20 15:11:28,794 [INFO] com.logica.pagen.server.SpadeTextDocumentService - didSave: DidSaveTextDocumentParamsImpl [
  textDocument = TextDocumentIdentifierImpl [
    uri = "file:///c%3A/Users/edhendriks/Documents/PA/projects/MijnMaximaPlan/backend/src/main/spade/LDM%20%28R%29.spade"
  ]
]
2017-05-20 15:11:29,151 [INFO] com.logica.pagen.server.SpadeWorkspaceService - didChangeWatchedFiles: DidChangeWatchedFilesParamsImpl [
  changes = ArrayList (
    FileEventImpl [
      uri = "file:///c%3A/Users/edhendriks/Documents/PA/projects/MijnMaximaPlan/backend/src/main/spade/LDM%20%28R%29.spade"
      type = Changed
    ]
  )
]
2017-05-20 15:11:59,208 [DEBUG] com.logica.pagen.parser.AbstractPaAntlrParser - start [@0,0:6='Process',<83>,1:0]
2017-05-20 15:11:59,208 [DEBUG] com.logica.pagen.server.error.DiagnosticErrorHandler - [1] PARSER: LDM (R).spade:19:4 - Unexpected 'GEBRUIKER' (of type ID): expecting EOF
2017-05-20 15:12:00,830 [DEBUG] com.logica.pagen.parser.AbstractPaAntlrParser - start [@0,0:6='Process',<83>,1:0]
2017-05-20 15:12:00,830 [DEBUG] com.logica.pagen.parser.AbstractPaAntlrParser - decl [@8,108:116='PATIENTEN',<52>,5:0]
2017-05-20 15:12:00,830 [DEBUG] com.logica.pagen.parser.AbstractPaAntlrParser - entityDecl [@8,108:116='PATIENTEN',<52>,5:0]
2017-05-20 15:12:00,830 [DEBUG] com.logica.pagen.parser.AbstractPaAntlrParser - entityMembers [@17,167:192='patientidentificatienummer',<52>,8:4]
2017-05-20 15:12:00,831 [DEBUG] com.logica.pagen.parser.AbstractPaAntlrParser - entityMember [@140,884:892='GEBRUIKER',<52>,19:4]
2017-05-20 15:12:00,831 [DEBUG] com.logica.pagen.parser.AbstractPaAntlrParser - memberType [@144,914:918='USERS',<52>,19:34]
2017-05-20 15:12:00,831 [DEBUG] com.logica.pagen.parser.AbstractPaAntlrParser - cardinality [@145,919:919='(',<65>,19:39]
2017-05-20 15:12:00,831 [DEBUG] com.logica.pagen.server.error.DiagnosticErrorHandler - [1] PARSER: LDM (R).spade:19:40 - no viable alternative at input ')'
2017-05-20 15:12:02,489 [INFO] com.logica.pagen.server.SpadeTextDocumentService - didSave: DidSaveTextDocumentParamsImpl [
  textDocument = TextDocumentIdentifierImpl [
    uri = "file:///c%3A/Users/edhendriks/Documents/PA/projects/MijnMaximaPlan/backend/src/main/spade/LDM%20%28R%29.spade"
  ]
]
2017-05-20 15:12:02,849 [INFO] com.logica.pagen.server.SpadeWorkspaceService - didChangeWatchedFiles: DidChangeWatchedFilesParamsImpl [
  changes = ArrayList (
    FileEventImpl [
      uri = "file:///c%3A/Users/edhendriks/Documents/PA/projects/MijnMaximaPlan/backend/src/main/spade/LDM%20%28R%29.spade"
      type = Changed
    ]
  )
]
2017-05-20 15:12:07,078 [INFO] com.logica.pagen.server.SpadeWorkspaceService - didChangeWatchedFiles: DidChangeWatchedFilesParamsImpl [
  changes = ArrayList (
    FileEventImpl [
      uri = "file:///c%3A/Users/edhendriks/Documents/PA/projects/MijnMaximaPlan/backend/src/main/spade/LDM%20%28R%29.spade"
      type = Changed
    ]
  )
]
2017-05-20 15:16:30,703 [DEBUG] com.logica.pagen.parser.AbstractPaAntlrParser - start [@0,0:6='Process',<83>,1:0]
2017-05-20 15:16:30,704 [DEBUG] com.logica.pagen.server.error.DiagnosticErrorHandler - [1] PARSER: LDM (R).spade:78:51 - Unexpected '/' (of type DIV): expecting EOF
2017-05-20 15:16:31,337 [DEBUG] com.logica.pagen.server.error.DiagnosticErrorHandler - [1] LEXER: LDM (R).spade:91:0 - mismatched character '<EOF>' expecting '*'
2017-05-20 15:16:32,268 [DEBUG] com.logica.pagen.server.error.DiagnosticErrorHandler - [1] LEXER: LDM (R).spade:91:0 - mismatched character '<EOF>' expecting '*'
2017-05-20 15:16:32,752 [DEBUG] com.logica.pagen.server.error.DiagnosticErrorHandler - [1] LEXER: LDM (R).spade:91:0 - mismatched character '<EOF>' expecting '*'
2017-05-20 15:16:35,466 [DEBUG] com.logica.pagen.parser.AbstractPaAntlrParser - start [@0,0:6='Process',<83>,1:0]
2017-05-20 15:16:35,466 [DEBUG] com.logica.pagen.server.error.DiagnosticErrorHandler - [1] PARSER: LDM (R).spade:78:66 - Unexpected 'o' (of type ID): expecting EOF
2017-05-20 15:16:35,670 [DEBUG] com.logica.pagen.parser.AbstractPaAntlrParser - start [@0,0:6='Process',<83>,1:0]
2017-05-20 15:16:35,670 [DEBUG] com.logica.pagen.server.error.DiagnosticErrorHandler - [1] PARSER: LDM (R).spade:78:66 - Unexpected 'op' (of type ID): expecting EOF
2017-05-20 15:16:35,813 [DEBUG] com.logica.pagen.parser.AbstractPaAntlrParser - start [@0,0:6='Process',<83>,1:0]
2017-05-20 15:16:35,813 [DEBUG] com.logica.pagen.server.error.DiagnosticErrorHandler - [1] PARSER: LDM (R).spade:78:66 - Unexpected 'opp' (of type ID): expecting EOF
2017-05-20 15:16:35,967 [DEBUG] com.logica.pagen.parser.AbstractPaAntlrParser - start [@0,0:6='Process',<83>,1:0]
2017-05-20 15:16:35,968 [DEBUG] com.logica.pagen.server.error.DiagnosticErrorHandler - [1] PARSER: LDM (R).spade:78:66 - Unexpected 'oppo' (of type ID): expecting EOF
2017-05-20 15:16:36,160 [DEBUG] com.logica.pagen.parser.AbstractPaAntlrParser - start [@0,0:6='Process',<83>,1:0]
2017-05-20 15:16:36,160 [DEBUG] com.logica.pagen.server.error.DiagnosticErrorHandler - [1] PARSER: LDM (R).spade:78:66 - Unexpected 'oppos' (of type ID): expecting EOF
2017-05-20 15:16:36,302 [DEBUG] com.logica.pagen.parser.AbstractPaAntlrParser - start [@0,0:6='Process',<83>,1:0]
2017-05-20 15:16:36,302 [DEBUG] com.logica.pagen.server.error.DiagnosticErrorHandler - [1] PARSER: LDM (R).spade:78:66 - Unexpected 'opposi' (of type ID): expecting EOF
2017-05-20 15:16:36,509 [DEBUG] com.logica.pagen.parser.AbstractPaAntlrParser - start [@0,0:6='Process',<83>,1:0]
2017-05-20 15:16:36,510 [DEBUG] com.logica.pagen.server.error.DiagnosticErrorHandler - [1] PARSER: LDM (R).spade:78:66 - Unexpected 'opposite' (of type ID): expecting EOF
2017-05-20 15:16:36,692 [DEBUG] com.logica.pagen.server.error.DiagnosticErrorHandler - [1] LEXER: LDM (R).spade:78:75 - mismatched character '\r' expecting 'o'
2017-05-20 15:16:37,044 [DEBUG] com.logica.pagen.server.error.DiagnosticErrorHandler - [1] LEXER: LDM (R).spade:78:76 - mismatched character '\r' expecting 'f'
2017-05-20 15:16:37,225 [DEBUG] com.logica.pagen.parser.AbstractPaAntlrParser - start [@0,0:6='Process',<83>,1:0]
2017-05-20 15:16:37,225 [DEBUG] com.logica.pagen.server.error.DiagnosticErrorHandler - [1] PARSER: LDM (R).spade:79:32 - Unexpected ':' (of type COLON): expecting EOF
2017-05-20 15:17:13,065 [INFO] com.logica.pagen.server.SpadeTextDocumentService - didSave: DidSaveTextDocumentParamsImpl [
  textDocument = TextDocumentIdentifierImpl [
    uri = "file:///c%3A/Users/edhendriks/Documents/PA/projects/MijnMaximaPlan/backend/src/main/spade/LDM%20%28R%29.spade"
  ]
]
2017-05-20 15:17:13,427 [INFO] com.logica.pagen.server.SpadeWorkspaceService - didChangeWatchedFiles: DidChangeWatchedFilesParamsImpl [
  changes = ArrayList (
    FileEventImpl [
      uri = "file:///c%3A/Users/edhendriks/Documents/PA/projects/MijnMaximaPlan/backend/src/main/spade/LDM%20%28R%29.spade"
      type = Changed
    ]
  )
]
2017-05-20 15:17:48,175 [DEBUG] com.logica.pagen.parser.AbstractPaAntlrParser - start [@0,0:6='Process',<83>,1:0]
2017-05-20 15:17:48,175 [DEBUG] com.logica.pagen.server.error.DiagnosticErrorHandler - [1] PARSER: LDM (R).spade:52:4 - Unexpected 'CONTACTPERSONEN' (of type ID): expecting EOF
2017-05-20 15:17:48,335 [DEBUG] com.logica.pagen.parser.AbstractPaAntlrParser - start [@0,0:6='Process',<83>,1:0]
2017-05-20 15:17:48,335 [DEBUG] com.logica.pagen.server.error.DiagnosticErrorHandler - [1] PARSER: LDM (R).spade:52:4 - Unexpected 'CONTACTPERSONEN' (of type ID): expecting EOF
2017-05-20 15:17:50,407 [DEBUG] com.logica.pagen.parser.AbstractPaAntlrParser - start [@0,0:6='Process',<83>,1:0]
2017-05-20 15:17:50,407 [DEBUG] com.logica.pagen.server.error.DiagnosticErrorHandler - [1] PARSER: LDM (R).spade:52:4 - Unexpected 'CONTACTPERSONEN' (of type ID): expecting EOF
2017-05-20 15:17:50,608 [INFO] com.logica.pagen.server.SpadeTextDocumentService - definition: TextDocumentPositionParamsImpl [
  textDocument = TextDocumentIdentifierImpl [
    uri = "file:///c%3A/Users/edhendriks/Documents/PA/projects/MijnMaximaPlan/backend/src/main/spade/LDM%20%28R%29.spade"
  ]
  uri = null
  position = PositionImpl [
    line = 41
    character = 16
  ]
]
2017-05-20 15:17:51,893 [DEBUG] com.logica.pagen.parser.AbstractPaAntlrParser - start [@0,0:6='Process',<83>,1:0]
2017-05-20 15:17:51,893 [DEBUG] com.logica.pagen.parser.AbstractPaAntlrParser - decl [@251,1578:1590='ADRESGEGEVENS',<52>,37:0]
2017-05-20 15:17:51,893 [DEBUG] com.logica.pagen.parser.AbstractPaAntlrParser - entityDecl [@251,1578:1590='ADRESGEGEVENS',<52>,37:0]
2017-05-20 15:17:51,893 [DEBUG] com.logica.pagen.parser.AbstractPaAntlrParser - entityMembers [@260,1647:1652='straat',<52>,40:4]
2017-05-20 15:17:51,894 [DEBUG] com.logica.pagen.parser.AbstractPaAntlrParser - entityMember [@381,2433:2447='CONTACTPERSONEN',<52>,52:4]
2017-05-20 15:17:51,894 [DEBUG] com.logica.pagen.parser.AbstractPaAntlrParser - memberType [@385,2463:2477='CONTACTPERSONEN',<52>,52:34]
2017-05-20 15:17:51,894 [DEBUG] com.logica.pagen.parser.AbstractPaAntlrParser - cardinality [@386,2478:2478='(',<65>,52:49]
2017-05-20 15:17:51,894 [DEBUG] com.logica.pagen.server.error.DiagnosticErrorHandler - [1] PARSER: LDM (R).spade:52:50 - no viable alternative at input ')'
2017-05-20 15:18:53,317 [DEBUG] com.logica.pagen.parser.AbstractPaAntlrParser - start [@0,0:6='Process',<83>,1:0]
2017-05-20 15:18:53,317 [DEBUG] com.logica.pagen.server.error.DiagnosticErrorHandler - [1] PARSER: LDM (R).spade:52:53 - Unexpected 'OP' (of type ID): expecting EOF
2017-05-20 15:18:53,580 [DEBUG] com.logica.pagen.parser.AbstractPaAntlrParser - start [@0,0:6='Process',<83>,1:0]
2017-05-20 15:18:53,580 [DEBUG] com.logica.pagen.server.error.DiagnosticErrorHandler - [1] PARSER: LDM (R).spade:52:53 - Unexpected 'OPP' (of type ID): expecting EOF
2017-05-20 15:18:54,074 [DEBUG] com.logica.pagen.parser.AbstractPaAntlrParser - start [@0,0:6='Process',<83>,1:0]
2017-05-20 15:18:54,074 [DEBUG] com.logica.pagen.server.error.DiagnosticErrorHandler - [1] PARSER: LDM (R).spade:52:53 - Unexpected 'OP' (of type ID): expecting EOF
2017-05-20 15:18:54,219 [DEBUG] com.logica.pagen.parser.AbstractPaAntlrParser - start [@0,0:6='Process',<83>,1:0]
2017-05-20 15:18:54,221 [DEBUG] com.logica.pagen.server.error.DiagnosticErrorHandler - [1] PARSER: LDM (R).spade:52:53 - Unexpected 'O' (of type ID): expecting EOF
2017-05-20 15:18:55,808 [DEBUG] com.logica.pagen.parser.AbstractPaAntlrParser - start [@0,0:6='Process',<83>,1:0]
2017-05-20 15:18:55,808 [DEBUG] com.logica.pagen.server.error.DiagnosticErrorHandler - [1] PARSER: LDM (R).spade:52:53 - Unexpected 'O' (of type ID): expecting EOF
2017-05-20 15:18:56,051 [DEBUG] com.logica.pagen.parser.AbstractPaAntlrParser - start [@0,0:6='Process',<83>,1:0]
2017-05-20 15:18:56,051 [DEBUG] com.logica.pagen.server.error.DiagnosticErrorHandler - [1] PARSER: LDM (R).spade:52:53 - Unexpected 'OP' (of type ID): expecting EOF
2017-05-20 15:18:56,174 [DEBUG] com.logica.pagen.parser.AbstractPaAntlrParser - start [@0,0:6='Process',<83>,1:0]
2017-05-20 15:18:56,174 [DEBUG] com.logica.pagen.server.error.DiagnosticErrorHandler - [1] PARSER: LDM (R).spade:52:53 - Unexpected 'OPP' (of type ID): expecting EOF
2017-05-20 15:18:56,660 [DEBUG] com.logica.pagen.parser.AbstractPaAntlrParser - start [@0,0:6='Process',<83>,1:0]
2017-05-20 15:18:56,661 [DEBUG] com.logica.pagen.server.error.DiagnosticErrorHandler - [1] PARSER: LDM (R).spade:52:53 - Unexpected 'OP' (of type ID): expecting EOF
2017-05-20 15:18:56,803 [DEBUG] com.logica.pagen.parser.AbstractPaAntlrParser - start [@0,0:6='Process',<83>,1:0]
2017-05-20 15:18:56,805 [DEBUG] com.logica.pagen.server.error.DiagnosticErrorHandler - [1] PARSER: LDM (R).spade:52:53 - Unexpected 'O' (of type ID): expecting EOF
2017-05-20 15:18:58,592 [DEBUG] com.logica.pagen.parser.AbstractPaAntlrParser - start [@0,0:6='Process',<83>,1:0]
2017-05-20 15:18:58,594 [DEBUG] com.logica.pagen.server.error.DiagnosticErrorHandler - [1] PARSER: LDM (R).spade:52:53 - Unexpected 'Oo' (of type ID): expecting EOF
2017-05-20 15:18:58,987 [DEBUG] com.logica.pagen.parser.AbstractPaAntlrParser - start [@0,0:6='Process',<83>,1:0]
2017-05-20 15:18:58,987 [DEBUG] com.logica.pagen.server.error.DiagnosticErrorHandler - [1] PARSER: LDM (R).spade:52:53 - Unexpected 'O' (of type ID): expecting EOF
2017-05-20 15:18:59,586 [DEBUG] com.logica.pagen.parser.AbstractPaAntlrParser - start [@0,0:6='Process',<83>,1:0]
2017-05-20 15:18:59,587 [DEBUG] com.logica.pagen.server.error.DiagnosticErrorHandler - [1] PARSER: LDM (R).spade:52:53 - Unexpected 'o' (of type ID): expecting EOF
2017-05-20 15:18:59,854 [DEBUG] com.logica.pagen.parser.AbstractPaAntlrParser - start [@0,0:6='Process',<83>,1:0]
2017-05-20 15:18:59,854 [DEBUG] com.logica.pagen.server.error.DiagnosticErrorHandler - [1] PARSER: LDM (R).spade:52:53 - Unexpected 'op' (of type ID): expecting EOF
2017-05-20 15:18:59,978 [DEBUG] com.logica.pagen.parser.AbstractPaAntlrParser - start [@0,0:6='Process',<83>,1:0]
2017-05-20 15:18:59,979 [DEBUG] com.logica.pagen.server.error.DiagnosticErrorHandler - [1] PARSER: LDM (R).spade:52:53 - Unexpected 'opp' (of type ID): expecting EOF
2017-05-20 15:19:00,207 [DEBUG] com.logica.pagen.parser.AbstractPaAntlrParser - start [@0,0:6='Process',<83>,1:0]
2017-05-20 15:19:00,207 [DEBUG] com.logica.pagen.server.error.DiagnosticErrorHandler - [1] PARSER: LDM (R).spade:52:53 - Unexpected 'oppo' (of type ID): expecting EOF
2017-05-20 15:19:00,411 [DEBUG] com.logica.pagen.parser.AbstractPaAntlrParser - start [@0,0:6='Process',<83>,1:0]
2017-05-20 15:19:00,412 [DEBUG] com.logica.pagen.server.error.DiagnosticErrorHandler - [1] PARSER: LDM (R).spade:52:53 - Unexpected 'opposoi' (of type ID): expecting EOF
2017-05-20 15:19:00,568 [DEBUG] com.logica.pagen.parser.AbstractPaAntlrParser - start [@0,0:6='Process',<83>,1:0]
2017-05-20 15:19:00,568 [DEBUG] com.logica.pagen.server.error.DiagnosticErrorHandler - [1] PARSER: LDM (R).spade:52:53 - Unexpected 'opposoite' (of type ID): expecting EOF
2017-05-20 15:19:00,868 [DEBUG] com.logica.pagen.parser.AbstractPaAntlrParser - start [@0,0:6='Process',<83>,1:0]
2017-05-20 15:19:00,868 [DEBUG] com.logica.pagen.server.error.DiagnosticErrorHandler - [1] PARSER: LDM (R).spade:52:53 - Unexpected 'opposoit' (of type ID): expecting EOF
2017-05-20 15:19:00,991 [DEBUG] com.logica.pagen.parser.AbstractPaAntlrParser - start [@0,0:6='Process',<83>,1:0]
2017-05-20 15:19:00,991 [DEBUG] com.logica.pagen.server.error.DiagnosticErrorHandler - [1] PARSER: LDM (R).spade:52:53 - Unexpected 'opposoi' (of type ID): expecting EOF
2017-05-20 15:19:01,152 [DEBUG] com.logica.pagen.parser.AbstractPaAntlrParser - start [@0,0:6='Process',<83>,1:0]
2017-05-20 15:19:01,152 [DEBUG] com.logica.pagen.server.error.DiagnosticErrorHandler - [1] PARSER: LDM (R).spade:52:53 - Unexpected 'opposo' (of type ID): expecting EOF
2017-05-20 15:19:01,325 [DEBUG] com.logica.pagen.parser.AbstractPaAntlrParser - start [@0,0:6='Process',<83>,1:0]
2017-05-20 15:19:01,325 [DEBUG] com.logica.pagen.server.error.DiagnosticErrorHandler - [1] PARSER: LDM (R).spade:52:53 - Unexpected 'oppos' (of type ID): expecting EOF
2017-05-20 15:19:01,747 [DEBUG] com.logica.pagen.parser.AbstractPaAntlrParser - start [@0,0:6='Process',<83>,1:0]
2017-05-20 15:19:01,747 [DEBUG] com.logica.pagen.server.error.DiagnosticErrorHandler - [1] PARSER: LDM (R).spade:52:53 - Unexpected 'opposite' (of type ID): expecting EOF
2017-05-20 15:19:01,925 [DEBUG] com.logica.pagen.server.error.DiagnosticErrorHandler - [1] LEXER: LDM (R).spade:52:62 - mismatched character '\r' expecting 'o'
2017-05-20 15:19:04,872 [DEBUG] com.logica.pagen.parser.AbstractPaAntlrParser - start [@0,0:6='Process',<83>,1:0]
2017-05-20 15:19:04,873 [DEBUG] com.logica.pagen.server.error.DiagnosticErrorHandler - [1] PARSER: LDM (R).spade:57:32 - Unexpected ':' (of type COLON): expecting EOF
2017-05-20 15:19:51,987 [INFO] com.logica.pagen.server.SpadeTextDocumentService - definition: TextDocumentPositionParamsImpl [
  textDocument = TextDocumentIdentifierImpl [
    uri = "file:///c%3A/Users/edhendriks/Documents/PA/projects/MijnMaximaPlan/backend/src/main/spade/LDM%20%28R%29.spade"
  ]
  uri = null
  position = PositionImpl [
    line = 51
    character = 17
  ]
]
2017-05-20 15:19:52,430 [INFO] com.logica.pagen.server.SpadeTextDocumentService - didSave: DidSaveTextDocumentParamsImpl [
  textDocument = TextDocumentIdentifierImpl [
    uri = "file:///c%3A/Users/edhendriks/Documents/PA/projects/MijnMaximaPlan/backend/src/main/spade/LDM%20%28R%29.spade"
  ]
]
2017-05-20 15:19:52,726 [INFO] com.logica.pagen.server.SpadeWorkspaceService - didChangeWatchedFiles: DidChangeWatchedFilesParamsImpl [
  changes = ArrayList (
    FileEventImpl [
      uri = "file:///c%3A/Users/edhendriks/Documents/PA/projects/MijnMaximaPlan/backend/src/main/spade/LDM%20%28R%29.spade"
      type = Changed
    ],
    FileEventImpl [
      uri = "file:///c%3A/Users/edhendriks/Documents/PA/projects/MijnMaximaPlan/backend/src/main/spade/LDM%20%28R%29.spade"
      type = Changed
    ]
  )
]
2017-05-20 15:19:53,835 [INFO] com.logica.pagen.server.SpadeTextDocumentService - definition: TextDocumentPositionParamsImpl [
  textDocument = TextDocumentIdentifierImpl [
    uri = "file:///c%3A/Users/edhendriks/Documents/PA/projects/MijnMaximaPlan/backend/src/main/spade/LDM%20%28R%29.spade"
  ]
  uri = null
  position = PositionImpl [
    line = 51
    character = 17
  ]
]
2017-05-20 15:19:54,055 [INFO] com.logica.pagen.server.SpadeTextDocumentService - didSave: DidSaveTextDocumentParamsImpl [
  textDocument = TextDocumentIdentifierImpl [
    uri = "file:///c%3A/Users/edhendriks/Documents/PA/projects/MijnMaximaPlan/backend/src/main/spade/LDM%20%28R%29.spade"
  ]
]
2017-05-20 15:19:54,374 [INFO] com.logica.pagen.server.SpadeWorkspaceService - didChangeWatchedFiles: DidChangeWatchedFilesParamsImpl [
  changes = ArrayList (
    FileEventImpl [
      uri = "file:///c%3A/Users/edhendriks/Documents/PA/projects/MijnMaximaPlan/backend/src/main/spade/LDM%20%28R%29.spade"
      type = Changed
    ]
  )
]
2017-05-20 15:23:32,625 [INFO] com.logica.pagen.server.SpadeTextDocumentService - didSave: DidSaveTextDocumentParamsImpl [
  textDocument = TextDocumentIdentifierImpl [
    uri = "file:///c%3A/Users/edhendriks/Documents/PA/projects/MijnMaximaPlan/backend/src/main/spade/LDM%20%28R%29.spade"
  ]
]
2017-05-20 15:23:32,947 [INFO] com.logica.pagen.server.SpadeWorkspaceService - didChangeWatchedFiles: DidChangeWatchedFilesParamsImpl [
  changes = ArrayList (
    FileEventImpl [
      uri = "file:///c%3A/Users/edhendriks/Documents/PA/projects/MijnMaximaPlan/backend/src/main/spade/LDM%20%28R%29.spade"
      type = Changed
    ]
  )
]
2017-05-20 15:24:23,371 [INFO] com.logica.pagen.server.SpadeTextDocumentService - didSave: DidSaveTextDocumentParamsImpl [
  textDocument = TextDocumentIdentifierImpl [
    uri = "file:///c%3A/Users/edhendriks/Documents/PA/projects/MijnMaximaPlan/backend/src/main/spade/LDM%20%28R%29.spade"
  ]
]
2017-05-20 15:24:23,728 [INFO] com.logica.pagen.server.SpadeWorkspaceService - didChangeWatchedFiles: DidChangeWatchedFilesParamsImpl [
  changes = ArrayList (
    FileEventImpl [
      uri = "file:///c%3A/Users/edhendriks/Documents/PA/projects/MijnMaximaPlan/backend/src/main/spade/LDM%20%28R%29.spade"
      type = Changed
    ]
  )
]
2017-05-20 15:24:51,523 [DEBUG] com.logica.pagen.parser.AbstractPaAntlrParser - start [@0,0:6='Process',<83>,1:0]
2017-05-20 15:24:51,523 [DEBUG] com.logica.pagen.server.error.DiagnosticErrorHandler - [1] PARSER: LDM (R).spade:80:53 - Unexpected '/' (of type DIV): expecting EOF
2017-05-20 15:24:52,203 [DEBUG] com.logica.pagen.server.error.DiagnosticErrorHandler - [1] LEXER: LDM (R).spade:88:4 - mismatched character '<EOF>' expecting '*'
2017-05-20 15:24:52,477 [DEBUG] com.logica.pagen.server.error.DiagnosticErrorHandler - [1] LEXER: LDM (R).spade:88:4 - mismatched character '<EOF>' expecting '*'
2017-05-20 15:24:53,805 [DEBUG] com.logica.pagen.server.error.DiagnosticErrorHandler - [1] LEXER: LDM (R).spade:88:4 - mismatched character '<EOF>' expecting '*'
2017-05-20 15:24:54,104 [DEBUG] com.logica.pagen.server.error.DiagnosticErrorHandler - [1] LEXER: LDM (R).spade:88:4 - mismatched character '<EOF>' expecting '*'
2017-05-20 15:24:55,467 [DEBUG] com.logica.pagen.parser.AbstractPaAntlrParser - start [@0,0:6='Process',<83>,1:0]
2017-05-20 15:24:55,467 [DEBUG] com.logica.pagen.server.error.DiagnosticErrorHandler - [1] PARSER: LDM (R).spade:80:68 - Unexpected 'o' (of type ID): expecting EOF
2017-05-20 15:24:55,672 [DEBUG] com.logica.pagen.parser.AbstractPaAntlrParser - start [@0,0:6='Process',<83>,1:0]
2017-05-20 15:24:55,672 [DEBUG] com.logica.pagen.server.error.DiagnosticErrorHandler - [1] PARSER: LDM (R).spade:80:68 - Unexpected 'op' (of type ID): expecting EOF
2017-05-20 15:24:55,815 [DEBUG] com.logica.pagen.parser.AbstractPaAntlrParser - start [@0,0:6='Process',<83>,1:0]
2017-05-20 15:24:55,815 [DEBUG] com.logica.pagen.server.error.DiagnosticErrorHandler - [1] PARSER: LDM (R).spade:80:68 - Unexpected 'opp' (of type ID): expecting EOF
2017-05-20 15:24:55,984 [DEBUG] com.logica.pagen.parser.AbstractPaAntlrParser - start [@0,0:6='Process',<83>,1:0]
2017-05-20 15:24:55,984 [DEBUG] com.logica.pagen.server.error.DiagnosticErrorHandler - [1] PARSER: LDM (R).spade:80:68 - Unexpected 'oppo' (of type ID): expecting EOF
2017-05-20 15:24:56,270 [DEBUG] com.logica.pagen.parser.AbstractPaAntlrParser - start [@0,0:6='Process',<83>,1:0]
2017-05-20 15:24:56,270 [DEBUG] com.logica.pagen.server.error.DiagnosticErrorHandler - [1] PARSER: LDM (R).spade:80:68 - Unexpected 'opposi' (of type ID): expecting EOF
2017-05-20 15:24:56,614 [DEBUG] com.logica.pagen.parser.AbstractPaAntlrParser - start [@0,0:6='Process',<83>,1:0]
2017-05-20 15:24:56,615 [DEBUG] com.logica.pagen.server.error.DiagnosticErrorHandler - [1] PARSER: LDM (R).spade:80:68 - Unexpected 'opposit' (of type ID): expecting EOF
2017-05-20 15:24:56,754 [DEBUG] com.logica.pagen.parser.AbstractPaAntlrParser - start [@0,0:6='Process',<83>,1:0]
2017-05-20 15:24:56,754 [DEBUG] com.logica.pagen.server.error.DiagnosticErrorHandler - [1] PARSER: LDM (R).spade:80:68 - Unexpected 'opposite' (of type ID): expecting EOF
2017-05-20 15:24:57,012 [DEBUG] com.logica.pagen.server.error.DiagnosticErrorHandler - [1] LEXER: LDM (R).spade:80:77 - mismatched character '\r' expecting 'o'
2017-05-20 15:24:57,135 [DEBUG] com.logica.pagen.parser.AbstractPaAntlrParser - start [@0,0:6='Process',<83>,1:0]
2017-05-20 15:24:57,135 [DEBUG] com.logica.pagen.server.error.DiagnosticErrorHandler - [1] PARSER: LDM (R).spade:81:32 - Unexpected ':' (of type COLON): expecting EOF
2017-05-20 15:24:57,236 [DEBUG] com.logica.pagen.parser.AbstractPaAntlrParser - start [@0,0:6='Process',<83>,1:0]
2017-05-20 15:24:57,236 [DEBUG] com.logica.pagen.server.error.DiagnosticErrorHandler - [1] PARSER: LDM (R).spade:81:32 - Unexpected ':' (of type COLON): expecting EOF
2017-05-20 15:24:57,450 [DEBUG] com.logica.pagen.parser.AbstractPaAntlrParser - start [@0,0:6='Process',<83>,1:0]
2017-05-20 15:24:57,450 [DEBUG] com.logica.pagen.server.error.DiagnosticErrorHandler - [1] PARSER: LDM (R).spade:81:32 - Unexpected ':' (of type COLON): expecting EOF
2017-05-20 15:25:01,332 [INFO] com.logica.pagen.server.SpadeTextDocumentService - definition: TextDocumentPositionParamsImpl [
  textDocument = TextDocumentIdentifierImpl [
    uri = "file:///c%3A/Users/edhendriks/Documents/PA/projects/MijnMaximaPlan/backend/src/main/spade/LDM%20%28R%29.spade"
  ]
  uri = null
  position = PositionImpl [
    line = 78
    character = 88
  ]
]
2017-05-20 15:25:02,014 [INFO] com.logica.pagen.server.SpadeTextDocumentService - definition: TextDocumentPositionParamsImpl [
  textDocument = TextDocumentIdentifierImpl [
    uri = "file:///c%3A/Users/edhendriks/Documents/PA/projects/MijnMaximaPlan/backend/src/main/spade/LDM%20%28R%29.spade"
  ]
  uri = null
  position = PositionImpl [
    line = 78
    character = 88
  ]
]
2017-05-20 15:25:04,374 [INFO] com.logica.pagen.server.SpadeTextDocumentService - definition: TextDocumentPositionParamsImpl [
  textDocument = TextDocumentIdentifierImpl [
    uri = "file:///c%3A/Users/edhendriks/Documents/PA/projects/MijnMaximaPlan/backend/src/main/spade/LDM%20%28R%29.spade"
  ]
  uri = null
  position = PositionImpl [
    line = 78
    character = 88
  ]
]
2017-05-20 15:25:04,790 [INFO] com.logica.pagen.server.SpadeTextDocumentService - didSave: DidSaveTextDocumentParamsImpl [
  textDocument = TextDocumentIdentifierImpl [
    uri = "file:///c%3A/Users/edhendriks/Documents/PA/projects/MijnMaximaPlan/backend/src/main/spade/LDM%20%28R%29.spade"
  ]
]
2017-05-20 15:25:05,132 [INFO] com.logica.pagen.server.SpadeWorkspaceService - didChangeWatchedFiles: DidChangeWatchedFilesParamsImpl [
  changes = ArrayList (
    FileEventImpl [
      uri = "file:///c%3A/Users/edhendriks/Documents/PA/projects/MijnMaximaPlan/backend/src/main/spade/LDM%20%28R%29.spade"
      type = Changed
    ]
  )
]
2017-05-20 15:25:21,364 [DEBUG] com.logica.pagen.parser.AbstractPaAntlrParser - start [@0,0:6='Process',<83>,1:0]
2017-05-20 15:25:21,364 [DEBUG] com.logica.pagen.server.error.DiagnosticErrorHandler - [1] PARSER: LDM (R).spade:60:4 - Unexpected 'CONTACTPERSOON' (of type ID): expecting EOF
2017-05-20 15:25:21,552 [DEBUG] com.logica.pagen.parser.AbstractPaAntlrParser - start [@0,0:6='Process',<83>,1:0]
2017-05-20 15:25:21,552 [DEBUG] com.logica.pagen.server.error.DiagnosticErrorHandler - [1] PARSER: LDM (R).spade:60:4 - Unexpected 'CONTACTPERSOON' (of type ID): expecting EOF
2017-05-20 15:25:24,183 [DEBUG] com.logica.pagen.server.error.DiagnosticErrorHandler - [1] LEXER: LDM (R).spade:60:46 - no viable alternative at character '\'
2017-05-20 15:25:24,184 [DEBUG] com.logica.pagen.parser.AbstractPaAntlrParser - start [@0,0:6='Process',<83>,1:0]
2017-05-20 15:25:24,185 [DEBUG] com.logica.pagen.server.error.DiagnosticErrorHandler - [2] PARSER: LDM (R).spade:60:47 - Unexpected 'N' (of type ID): expecting EOF
2017-05-20 15:25:26,682 [DEBUG] com.logica.pagen.parser.AbstractPaAntlrParser - start [@0,0:6='Process',<83>,1:0]
2017-05-20 15:25:26,682 [DEBUG] com.logica.pagen.parser.AbstractPaAntlrParser - decl [@394,2511:2525='CONTACTGEGEVENS',<52>,54:0]
2017-05-20 15:25:26,682 [DEBUG] com.logica.pagen.parser.AbstractPaAntlrParser - entityDecl [@394,2511:2525='CONTACTGEGEVENS',<52>,54:0]
2017-05-20 15:25:26,682 [DEBUG] com.logica.pagen.parser.AbstractPaAntlrParser - entityMembers [@403,2584:2598='TELEFOONNUMMERS',<52>,57:4]
2017-05-20 15:25:26,683 [DEBUG] com.logica.pagen.parser.AbstractPaAntlrParser - entityMember [@449,2850:2863='CONTACTPERSOON',<52>,60:4]
2017-05-20 15:25:26,683 [DEBUG] com.logica.pagen.parser.AbstractPaAntlrParser - memberType [@453,2880:2894='CONTACTPERSONEN',<52>,60:34]
2017-05-20 15:25:26,683 [DEBUG] com.logica.pagen.parser.AbstractPaAntlrParser - cardinality [@454,2895:2895='(',<65>,60:49]
2017-05-20 15:25:26,683 [DEBUG] com.logica.pagen.server.error.DiagnosticErrorHandler - [1] PARSER: LDM (R).spade:60:50 - no viable alternative at input ')'
2017-05-20 15:25:28,512 [DEBUG] com.logica.pagen.parser.AbstractPaAntlrParser - start [@0,0:6='Process',<83>,1:0]
2017-05-20 15:25:28,512 [DEBUG] com.logica.pagen.server.error.DiagnosticErrorHandler - [1] PARSER: LDM (R).spade:60:53 - Unexpected 'O' (of type ID): expecting EOF
2017-05-20 15:25:28,765 [DEBUG] com.logica.pagen.parser.AbstractPaAntlrParser - start [@0,0:6='Process',<83>,1:0]
2017-05-20 15:25:28,765 [DEBUG] com.logica.pagen.server.error.DiagnosticErrorHandler - [1] PARSER: LDM (R).spade:60:53 - Unexpected 'OP' (of type ID): expecting EOF
2017-05-20 15:25:29,196 [DEBUG] com.logica.pagen.parser.AbstractPaAntlrParser - start [@0,0:6='Process',<83>,1:0]
2017-05-20 15:25:29,196 [DEBUG] com.logica.pagen.server.error.DiagnosticErrorHandler - [1] PARSER: LDM (R).spade:60:53 - Unexpected 'O' (of type ID): expecting EOF
2017-05-20 15:25:29,875 [DEBUG] com.logica.pagen.parser.AbstractPaAntlrParser - start [@0,0:6='Process',<83>,1:0]
2017-05-20 15:25:29,875 [DEBUG] com.logica.pagen.server.error.DiagnosticErrorHandler - [1] PARSER: LDM (R).spade:60:53 - Unexpected 'o' (of type ID): expecting EOF
2017-05-20 15:25:30,197 [DEBUG] com.logica.pagen.parser.AbstractPaAntlrParser - start [@0,0:6='Process',<83>,1:0]
2017-05-20 15:25:30,197 [DEBUG] com.logica.pagen.server.error.DiagnosticErrorHandler - [1] PARSER: LDM (R).spade:60:53 - Unexpected 'op' (of type ID): expecting EOF
2017-05-20 15:25:30,343 [DEBUG] com.logica.pagen.parser.AbstractPaAntlrParser - start [@0,0:6='Process',<83>,1:0]
2017-05-20 15:25:30,343 [DEBUG] com.logica.pagen.server.error.DiagnosticErrorHandler - [1] PARSER: LDM (R).spade:60:53 - Unexpected 'opp' (of type ID): expecting EOF
2017-05-20 15:25:30,496 [DEBUG] com.logica.pagen.parser.AbstractPaAntlrParser - start [@0,0:6='Process',<83>,1:0]
2017-05-20 15:25:30,496 [DEBUG] com.logica.pagen.server.error.DiagnosticErrorHandler - [1] PARSER: LDM (R).spade:60:53 - Unexpected 'oppo' (of type ID): expecting EOF
2017-05-20 15:25:30,711 [DEBUG] com.logica.pagen.parser.AbstractPaAntlrParser - start [@0,0:6='Process',<83>,1:0]
2017-05-20 15:25:30,711 [DEBUG] com.logica.pagen.server.error.DiagnosticErrorHandler - [1] PARSER: LDM (R).spade:60:53 - Unexpected 'opposi' (of type ID): expecting EOF
2017-05-20 15:25:30,954 [DEBUG] com.logica.pagen.server.error.DiagnosticErrorHandler - [1] LEXER: LDM (R).spade:60:62 - mismatched character '\r' expecting 'o'
2017-05-20 15:25:31,253 [DEBUG] com.logica.pagen.parser.AbstractPaAntlrParser - start [@0,0:6='Process',<83>,1:0]
2017-05-20 15:25:31,253 [DEBUG] com.logica.pagen.server.error.DiagnosticErrorHandler - [1] PARSER: LDM (R).spade:65:32 - Unexpected ':' (of type COLON): expecting EOF
2017-05-20 15:25:36,885 [INFO] com.logica.pagen.server.SpadeTextDocumentService - definition: TextDocumentPositionParamsImpl [
  textDocument = TextDocumentIdentifierImpl [
    uri = "file:///c%3A/Users/edhendriks/Documents/PA/projects/MijnMaximaPlan/backend/src/main/spade/LDM%20%28R%29.spade"
  ]
  uri = null
  position = PositionImpl [
    line = 53
    character = 9
  ]
]
2017-05-20 15:25:39,635 [INFO] com.logica.pagen.server.SpadeTextDocumentService - definition: TextDocumentPositionParamsImpl [
  textDocument = TextDocumentIdentifierImpl [
    uri = "file:///c%3A/Users/edhendriks/Documents/PA/projects/MijnMaximaPlan/backend/src/main/spade/LDM%20%28R%29.spade"
  ]
  uri = null
  position = PositionImpl [
    line = 59
    character = 69
  ]
]
2017-05-20 15:25:39,770 [INFO] com.logica.pagen.server.SpadeTextDocumentService - didSave: DidSaveTextDocumentParamsImpl [
  textDocument = TextDocumentIdentifierImpl [
    uri = "file:///c%3A/Users/edhendriks/Documents/PA/projects/MijnMaximaPlan/backend/src/main/spade/LDM%20%28R%29.spade"
  ]
]
2017-05-20 15:25:39,997 [INFO] com.logica.pagen.server.SpadeTextDocumentService - definition: TextDocumentPositionParamsImpl [
  textDocument = TextDocumentIdentifierImpl [
    uri = "file:///c%3A/Users/edhendriks/Documents/PA/projects/MijnMaximaPlan/backend/src/main/spade/LDM%20%28R%29.spade"
  ]
  uri = null
  position = PositionImpl [
    line = 59
    character = 69
  ]
]
2017-05-20 15:25:40,125 [INFO] com.logica.pagen.server.SpadeWorkspaceService - didChangeWatchedFiles: DidChangeWatchedFilesParamsImpl [
  changes = ArrayList (
    FileEventImpl [
      uri = "file:///c%3A/Users/edhendriks/Documents/PA/projects/MijnMaximaPlan/backend/src/main/spade/LDM%20%28R%29.spade"
      type = Changed
    ]
  )
]
2017-05-20 15:31:41,481 [INFO] com.logica.pagen.server.SpadeTextDocumentService - definition: TextDocumentPositionParamsImpl [
  textDocument = TextDocumentIdentifierImpl [
    uri = "file:///c%3A/Users/edhendriks/Documents/PA/projects/MijnMaximaPlan/backend/src/main/spade/LDM%20%28R%29.spade"
  ]
  uri = null
  position = PositionImpl [
    line = 13
    character = 39
  ]
]
2017-05-20 15:32:40,216 [INFO] com.logica.pagen.server.SpadeTextDocumentService - definition: TextDocumentPositionParamsImpl [
  textDocument = TextDocumentIdentifierImpl [
    uri = "file:///c%3A/Users/edhendriks/Documents/PA/projects/MijnMaximaPlan/backend/src/main/spade/LDM%20%28R%29.spade"
  ]
  uri = null
  position = PositionImpl [
    line = 23
    character = 8
  ]
]
2017-05-20 15:32:53,754 [INFO] com.logica.pagen.server.SpadeTextDocumentService - definition: TextDocumentPositionParamsImpl [
  textDocument = TextDocumentIdentifierImpl [
    uri = "file:///c%3A/Users/edhendriks/Documents/PA/projects/MijnMaximaPlan/backend/src/main/spade/LDM%20%28R%29.spade"
  ]
  uri = null
  position = PositionImpl [
    line = 23
    character = 8
  ]
]
2017-05-20 15:32:54,217 [INFO] com.logica.pagen.server.SpadeTextDocumentService - definition: TextDocumentPositionParamsImpl [
  textDocument = TextDocumentIdentifierImpl [
    uri = "file:///c%3A/Users/edhendriks/Documents/PA/projects/MijnMaximaPlan/backend/src/main/spade/LDM%20%28R%29.spade"
  ]
  uri = null
  position = PositionImpl [
    line = 23
    character = 8
  ]
]
2017-05-20 15:32:58,788 [INFO] com.logica.pagen.server.SpadeTextDocumentService - definition: TextDocumentPositionParamsImpl [
  textDocument = TextDocumentIdentifierImpl [
    uri = "file:///c%3A/Users/edhendriks/Documents/PA/projects/MijnMaximaPlan/backend/src/main/spade/LDM%20%28R%29.spade"
  ]
  uri = null
  position = PositionImpl [
    line = 23
    character = 8
  ]
]
2017-05-20 15:32:59,215 [INFO] com.logica.pagen.server.SpadeTextDocumentService - definition: TextDocumentPositionParamsImpl [
  textDocument = TextDocumentIdentifierImpl [
    uri = "file:///c%3A/Users/edhendriks/Documents/PA/projects/MijnMaximaPlan/backend/src/main/spade/LDM%20%28R%29.spade"
  ]
  uri = null
  position = PositionImpl [
    line = 23
    character = 8
  ]
]
2017-05-20 15:33:03,103 [INFO] com.logica.pagen.server.SpadeTextDocumentService - definition: TextDocumentPositionParamsImpl [
  textDocument = TextDocumentIdentifierImpl [
    uri = "file:///c%3A/Users/edhendriks/Documents/PA/projects/MijnMaximaPlan/backend/src/main/spade/LDM%20%28R%29.spade"
  ]
  uri = null
  position = PositionImpl [
    line = 23
    character = 8
  ]
]
2017-05-20 15:33:03,931 [INFO] com.logica.pagen.server.SpadeTextDocumentService - definition: TextDocumentPositionParamsImpl [
  textDocument = TextDocumentIdentifierImpl [
    uri = "file:///c%3A/Users/edhendriks/Documents/PA/projects/MijnMaximaPlan/backend/src/main/spade/LDM%20%28R%29.spade"
  ]
  uri = null
  position = PositionImpl [
    line = 23
    character = 8
  ]
]
2017-05-20 15:33:07,856 [INFO] com.logica.pagen.server.SpadeTextDocumentService - definition: TextDocumentPositionParamsImpl [
  textDocument = TextDocumentIdentifierImpl [
    uri = "file:///c%3A/Users/edhendriks/Documents/PA/projects/MijnMaximaPlan/backend/src/main/spade/LDM%20%28R%29.spade"
  ]
  uri = null
  position = PositionImpl [
    line = 23
    character = 8
  ]
]
2017-05-20 15:33:31,793 [INFO] com.logica.pagen.server.SpadeTextDocumentService - definition: TextDocumentPositionParamsImpl [
  textDocument = TextDocumentIdentifierImpl [
    uri = "file:///c%3A/Users/edhendriks/Documents/PA/projects/MijnMaximaPlan/backend/src/main/spade/LDM%20%28R%29.spade"
  ]
  uri = null
  position = PositionImpl [
    line = 33
    character = 7
  ]
]
2017-05-20 15:33:33,194 [INFO] com.logica.pagen.server.SpadeTextDocumentService - definition: TextDocumentPositionParamsImpl [
  textDocument = TextDocumentIdentifierImpl [
    uri = "file:///c%3A/Users/edhendriks/Documents/PA/projects/MijnMaximaPlan/backend/src/main/spade/LDM%20%28R%29.spade"
  ]
  uri = null
  position = PositionImpl [
    line = 33
    character = 7
  ]
]
2017-05-20 15:42:44,855 [INFO] com.logica.pagen.server.SpadeTextDocumentService - definition: TextDocumentPositionParamsImpl [
  textDocument = TextDocumentIdentifierImpl [
    uri = "file:///c%3A/Users/edhendriks/Documents/PA/projects/MijnMaximaPlan/backend/src/main/spade/LDM%20%28R%29.spade"
  ]
  uri = null
  position = PositionImpl [
    line = 13
    character = 11
  ]
]
2017-05-20 15:44:11,503 [INFO] com.logica.pagen.server.SpadeTextDocumentService - definition: TextDocumentPositionParamsImpl [
  textDocument = TextDocumentIdentifierImpl [
    uri = "file:///c%3A/Users/edhendriks/Documents/PA/projects/MijnMaximaPlan/backend/src/main/spade/LDM%20%28R%29.spade"
  ]
  uri = null
  position = PositionImpl [
    line = 14
    character = 6
  ]
]
2017-05-20 15:55:51,905 [INFO] com.logica.pagen.server.SpadeTextDocumentService - definition: TextDocumentPositionParamsImpl [
  textDocument = TextDocumentIdentifierImpl [
    uri = "file:///c%3A/Users/edhendriks/Documents/PA/projects/MijnMaximaPlan/backend/src/main/spade/LDM%20%28R%29.spade"
  ]
  uri = null
  position = PositionImpl [
    line = 27
    character = 9
  ]
]
2017-05-20 15:59:36,940 [INFO] com.logica.pagen.server.SpadeTextDocumentService - didClose: DidCloseTextDocumentParamsImpl [
  textDocument = TextDocumentIdentifierImpl [
    uri = "git:/c%3A/Users/edhendriks/Documents/PA/projects/MijnMaximaPlan/backend/src/main/spade/LDM%20%28R%29.spade?%7B%22path%22%3A%22c%3A%5C%5CUsers%5C%5Cedhendriks%5C%5CDocuments%5C%5CPA%5C%5Cprojects%5C%5CMijnMaximaPlan%5C%5Cbackend%5C%5Csrc%5C%5Cmain%5C%5Cspade%5C%5CLDM%20%28R%29.spade%22%2C%22ref%22%3A%22~%22%7D"
  ]
]
2017-05-20 15:59:38,845 [INFO] com.logica.pagen.server.SpadeTextDocumentService - didClose: DidCloseTextDocumentParamsImpl [
  textDocument = TextDocumentIdentifierImpl [
    uri = "file:///c%3A/Users/edhendriks/Documents/PA/projects/MijnMaximaPlan/backend/src/main/spade/LDM%20%28R%29.spade"
  ]
]
